<?xml version="1.0" encoding="UTF-8" ?>
<testsuite errors="0" failures="1" hostname="Randika" name="Classes.SenderClassTest" skipped="0" tests="1" time="0.487" timestamp="2016-03-19T13:47:58">
  <properties>
    <property name="libs.swing-layout.javadoc" value="C:\Program Files\NetBeans 7.4\platform\docs\swing-layout-1.0.4-doc.zip" />
    <property name="os.name" value="Windows 8" />
    <property name="libs.cdc-ant-utils.maven-pom" value="" />
    <property name="sun.os.patch.level" value="" />
    <property name="libs.absolutelayout.maven-pom" value="" />
    <property name="file.reference.hive-metastore-0.8.1.jar" value="src\Libs\Jasper\hive-metastore-0.8.1.jar" />
    <property name="javac.processorpath" value="src\Libs\AnimationClass.jar:src\Libs\Jasper\ant-1.7.1.jar:src\Libs\Jasper\antlr-2.7.6.jar:src\Libs\Jasper\asm-attrs.jar:src\Libs\Jasper\asm.jar:src\Libs\Jasper\barbecue-1.5-beta1.jar:src\Libs\Jasper\barcode4j-2.1.jar:src\Libs\Jasper\batik-anim.jar:src\Libs\Jasper\batik-awt-util.jar:src\Libs\Jasper\batik-bridge.jar:src\Libs\Jasper\batik-css.jar:src\Libs\Jasper\batik-dom.jar:src\Libs\Jasper\batik-ext.jar:src\Libs\Jasper\batik-gvt.jar:src\Libs\Jasper\batik-parser.jar:src\Libs\Jasper\batik-script.jar:src\Libs\Jasper\batik-svg-dom.jar:src\Libs\Jasper\batik-svggen.jar:src\Libs\Jasper\batik-util.jar:src\Libs\Jasper\batik-xml.jar:src\Libs\Jasper\bcel-5.2.jar:src\Libs\Jasper\bsh-2.1b5.jar:src\Libs\Jasper\castor-1.2.jar:src\Libs\Jasper\cglib-2.1.jar:src\Libs\Jasper\cincom-jr-xmla.jar:src\Libs\Jasper\commons-beanutils-1.8.2.jar:src\Libs\Jasper\commons-collections-3.2.1.jar:src\Libs\Jasper\commons-dbcp-1.2.2.jar:src\Libs\Jasper\commons-digester-2.1.jar:src\Libs\Jasper\commons-javaflow-20060411.jar:src\Libs\Jasper\commons-logging-1.1.jar:src\Libs\Jasper\commons-math-1.0.jar:src\Libs\Jasper\commons-pool-1.3.jar:src\Libs\Jasper\commons-pool-1.6.jar:src\Libs\Jasper\commons-vfs-1.0.jar:src\Libs\customizer.jar:src\Libs\Jasper\dom4j-1.6.jar:src\Libs\Jasper\ehcache-1.1.jar:src\Libs\Jasper\eigenbase-properties-1.1.0.10924.jar:src\Libs\Jasper\eigenbase-resgen-1.3.0.11873.jar:src\Libs\Jasper\eigenbase-xom-1.3.0.11999.jar:src\Libs\Jasper\ejb3-persistence.jar:src\Libs\Jasper\groovy-all-2.0.1.jar:src\Libs\Jasper\hadoop-core-1.0.1.jar:src\Libs\Jasper\hibernate-annotations.jar:src\Libs\Jasper\hibernate-commons-annotations.jar:src\Libs\Jasper\hibernate3.jar:src\Libs\Jasper\hive-common-0.8.1.jar:src\Libs\Jasper\hive-exec-0.8.1.jar:src\Libs\Jasper\hive-jdbc-0.8.1.jar:src\Libs\Jasper\hive-metastore-0.8.1.jar:src\Libs\Jasper\hive-service-0.8.1.jar:src\Libs\Jasper\hsqldb-1.8.0-10.jar:src\Libs\Jasper\iText-2.1.7.js2.jar:src\Libs\Jasper\iTextAsian.jar:src\Libs\Jasper\jackson-annotations-2.0.5.jar:src\Libs\Jasper\jackson-core-2.0.5.jar:src\Libs\Jasper\jackson-databind-2.0.5.jar:src\Libs\Jasper\jasperreports-5.5.0.jar:src\Libs\Jasper\jasperreports-chart-themes-5.2.0.jar:src\Libs\Jasper\jasperreports-core-renderer.jar:src\Libs\Jasper\jasperreports-extensions-3.5.3.jar:src\Libs\Jasper\jasperreports-fonts-5.5.0.jar:src\Libs\Jasper\jasperreports-functions-5.5.0.jar:src\Libs\Jasper\jasperreports-htmlcomponent-4.7.1.jar:src\Libs\Jasper\jasperreports-htmlcomponent-5.0.1.jar:src\Libs\Jasper\jasperreports-json.jar:src\Libs\Jasper\jasperreports-jtidy-r938.jar:src\Libs\Jasper\javacup.jar:src\Libs\Jasper\javassist-3.4.GA.jar:src\Libs\javax.mail.jar:src\Libs\Jasper\jaxen-1.1.1.jar:src\Libs\jcalendar-1.4.jar:src\Libs\Jasper\jcommon-1.0.15.jar:src\Libs\Jasper\jdt-compiler-3.1.1.jar:src\Libs\Jasper\jfreechart-1.0.12.jar:src\Libs\jmf.jar:src\Libs\jna-4.2.1.jar:src\Libs\Jasper\joda-time-2.1.jar:src\Libs\Jasper\jpa.jar:src\Libs\Jasper\js-hive-datasource-1.0.4.jar:src\Libs\Jasper\js-mongodb-datasource-1.0.0a.jar:src\Libs\Jasper\js_activation-1.1.jar:src\Libs\Jasper\js_axis-1.4patched.jar:src\Libs\Jasper\js_commons-codec-1.3.jar:src\Libs\Jasper\js_commons-discovery-0.2.jar:src\Libs\Jasper\js_commons-httpclient-3.1.jar:src\Libs\Jasper\js_jasperserver-common-ws-4.7.1.jar:src\Libs\Jasper\js_jaxrpc.jar:src\Libs\Jasper\js_mail-1.4.jar:src\Libs\Jasper\js_saaj-api-1.3.jar:src\Libs\Jasper\js_wsdl4j-1.5.1.jar:src\Libs\Jasper\jta.jar:src\Libs\Jasper\jxl-2.6.10.jar:src\Libs\Jasper\libfb303-0.7.0.jar:src\Libs\Jasper\libthrift-0.9.0-snapshot.jar:src\Libs\Jasper\log4j-1.2.15.jar:src\Libs\Logers\log4j-1.2.9 (2).jar:src\Libs\mediaplayer.jar:src\Libs\Jasper\mondrian-3.2.0-13661-JS.jar:src\Libs\Jasper\mongo-java-driver-2.7.3.jar:src\Libs\multiplayer.jar:src\Libs\mysql-connector-java-commercial-5.1.35-bin.jar:src\Libs\Jasper\olap4j-0.9.7.309-JS.jar:src\Libs\Jasper\png-encoder-1.5.jar:src\Libs\Jasper\poi-3.7-20101029.jar:src\Libs\Jasper\poi-ooxml-3.7-20101029.jar:src\Libs\Jasper\poi-ooxml-schemas-3.7-20101029.jar:src\Libs\Jasper\rex-0.8.1.jar:src\Libs\Jasper\rex-20080421.jar:src\Libs\Jasper\rhino-1.7R3.jar:src\Libs\Jasper\servlet-api-2.4.jar:src\Libs\Jasper\slf4j-api-1.5.8.jar:src\Libs\Jasper\slf4j-log4j12-1.5.8.jar:src\Libs\Jasper\spring.jar:src\Libs\Jasper\sqleonardo-2009.03.rc1.jar:src\Libs\Jasper\swingx-2007_10_07.jar:src\Libs\synthetica.jar:src\Libs\syntheticaSimple2D.jar:src\Libs\Jasper\velocity-1.7-dep.jar:src\Libs\vlcj-3.0.1.jar:src\Libs\Jasper\xbean.jar:src\Libs\Jasper\xml-apis-ext.jar:src\Libs\Jasper\xml-apis.jar:C:\Program Files\NetBeans 7.4\ide\modules\ext\mysql-connector-java-5.1.23-bin.jar:C:\Program Files\NetBeans 7.4\java\modules\ext\AbsoluteLayout.jar:C:\Program Files\NetBeans 7.4\java\modules\ext\beansbinding-1.2.1.jar" />
    <property name="libs.jsp-compilation.src" value="" />
    <property name="libs.jsf12.javadoc" value="C:\Program Files\NetBeans 7.4\enterprise\docs\javaee-doc-api.jar" />
    <property name="libs.hibernate-persistencemodelgen.javadoc" value="" />
    <property name="libs.javaee-endorsed-api-6.0.classpath" value="C:\Program Files\NetBeans 7.4\enterprise\modules\ext\javaee6-endorsed\javax.annotation.jar;C:\Program Files\NetBeans 7.4\enterprise\modules\ext\javaee6-endorsed\jaxb-api-osgi.jar;C:\Program Files\NetBeans 7.4\enterprise\modules\ext\javaee6-endorsed\webservices-api-osgi.jar" />
    <property name="libs.hibernate-persistence.maven-pom" value="" />
    <property name="build.dir" value="build" />
    <property name="default.javac.target" value="1.7" />
    <property name="nb.show.statistics.ui" value="usageStatisticsEnabled" />
    <property name="netbeans.autoupdate.version" value="1.23" />
    <property name="libs.absolutelayout.src" value="" />
    <property name="libs.DataBindingME.maven-pom" value="" />
    <property name="javadoc.windowtitle" value="" />
    <property name="libs.ejb3-persistence.javadoc" value="" />
    <property name="file.reference.poi-ooxml-3.7-20101029.jar" value="src\Libs\Jasper\poi-ooxml-3.7-20101029.jar" />
    <property name="file.reference.jxl-2.6.10.jar" value="src\Libs\Jasper\jxl-2.6.10.jar" />
    <property name="libs.spring-webmvc3.0.maven-pom" value="" />
    <property name="sun.awt.enableExtraMouseButtons" value="true" />
    <property name="libs.groovy-all.maven-pom" value="" />
    <property name="libs.javaee-endorsed-api-7.0.classpath" value="C:\Program Files\NetBeans 7.4\enterprise\modules\ext\javaee7-endorsed\javax.annotation-api.jar;C:\Program Files\NetBeans 7.4\enterprise\modules\ext\javaee7-endorsed\javax.xml.soap-api.jar;C:\Program Files\NetBeans 7.4\enterprise\modules\ext\javaee7-endorsed\jaxb-api-osgi.jar;C:\Program Files\NetBeans 7.4\enterprise\modules\ext\javaee7-endorsed\jaxws-api.jar;C:\Program Files\NetBeans 7.4\enterprise\modules\ext\javaee7-endorsed\jsr181-api.jar" />
    <property name="libs.JAVADB_DRIVER_LABEL.src" value="" />
    <property name="file.reference.slf4j-log4j12-1.5.8.jar" value="src\Libs\Jasper\slf4j-log4j12-1.5.8.jar" />
    <property name="libs.testng.javadoc" value="C:\Program Files\NetBeans 7.4\platform\docs\testng-6.8.1-javadoc.zip" />
    <property name="deployment.Ftp.scriptfile" value="C:\Program Files\NetBeans 7.4\mobility\modules\scr\deploy-ftp-impl.xml" />
    <property name="file.reference.batik-parser.jar" value="src\Libs\Jasper\batik-parser.jar" />
    <property name="jar.compress" value="false" />
    <property name="ant.home" value="C:\Program Files\NetBeans 7.4\extide\ant" />
    <property name="emulator.arguments" value="" />
    <property name="libs.javaee-web-api-7.0.src" value="" />
    <property name="libs.cdc-pp-awt-layout.classpath" value="C:\Program Files\NetBeans 7.4\mobility\modules\ext\cdc-pp-awt-layout.jar" />
    <property name="libs.PostgreSQLDriver.maven-pom" value="" />
    <property name="ap.supported.internal" value="true" />
    <property name="libs.j2me_ant_ext.maven-pom" value="" />
    <property name="libs.jsp-compilation-syscp.javadoc" value="" />
    <property name="libs.metro.classpath" value="C:\Program Files\NetBeans 7.4\ide\modules\ext\jaxb\activation.jar;C:\Program Files\NetBeans 7.4\enterprise\modules\ext\metro\webservices-api.jar;C:\Program Files\NetBeans 7.4\enterprise\modules\ext\metro\webservices-extra-api.jar;C:\Program Files\NetBeans 7.4\enterprise\modules\ext\metro\webservices-extra.jar;C:\Program Files\NetBeans 7.4\enterprise\modules\ext\metro\webservices-rt.jar;C:\Program Files\NetBeans 7.4\enterprise\modules\ext\metro\webservices-tools.jar" />
    <property name="sun.cpu.isalist" value="amd64" />
    <property name="javadoc.use" value="true" />
    <property name="libs.restlib.classpath" value="C:\Program Files\NetBeans 7.4\enterprise\modules\ext\jersey2\ext\asm-all-repackaged-2.1.88.jar;C:\Program Files\NetBeans 7.4\enterprise\modules\ext\jersey2\ext\cglib-2.1.88.jar;C:\Program Files\NetBeans 7.4\enterprise\modules\ext\jersey2\ext\guava-14.0.1.jar;C:\Program Files\NetBeans 7.4\enterprise\modules\ext\jersey2\ext\hk2-api-2.1.88.jar;C:\Program Files\NetBeans 7.4\enterprise\modules\ext\jersey2\ext\hk2-locator-2.1.88.jar;C:\Program Files\NetBeans 7.4\enterprise\modules\ext\jersey2\ext\hk2-utils-2.1.88.jar;C:\Program Files\NetBeans 7.4\enterprise\modules\ext\jersey2\ext\javax.annotation-api-1.2.jar;C:\Program Files\NetBeans 7.4\enterprise\modules\ext\jersey2\ext\javax.inject-2.1.88.jar;C:\Program Files\NetBeans 7.4\enterprise\modules\ext\jersey2\ext\javax.servlet-api-3.1.0.jar;C:\Program Files\NetBeans 7.4\enterprise\modules\ext\jersey2\ext\jaxb-api-2.2.7.jar;C:\Program Files\NetBeans 7.4\enterprise\modules\ext\jersey2\ext\org.osgi.core-4.2.0.jar;C:\Program Files\NetBeans 7.4\enterprise\modules\ext\jersey2\ext\osgi-resource-locator-1.0.1.jar;C:\Program Files\NetBeans 7.4\enterprise\modules\ext\jersey2\ext\persistence-api-1.0.jar;C:\Program Files\NetBeans 7.4\enterprise\modules\ext\jersey2\ext\validation-api-1.1.0.jar;C:\Program Files\NetBeans 7.4\enterprise\modules\ext\jersey2\jersey-client.jar;C:\Program Files\NetBeans 7.4\enterprise\modules\ext\jersey2\jersey-common.jar;C:\Program Files\NetBeans 7.4\enterprise\modules\ext\jersey2\jersey-container-servlet.jar;C:\Program Files\NetBeans 7.4\enterprise\modules\ext\jersey2\jersey-container-servlet-core.jar;C:\Program Files\NetBeans 7.4\enterprise\modules\ext\jersey2\jersey-server.jar;C:\Program Files\NetBeans 7.4\enterprise\modules\ext\jersey2\extensions\jackson-core-asl-1.9.11.jar;C:\Program Files\NetBeans 7.4\enterprise\modules\ext\jersey2\extensions\jackson-jaxrs-1.9.11.jar;C:\Program Files\NetBeans 7.4\enterprise\modules\ext\jersey2\extensions\jackson-mapper-asl-1.9.11.jar;C:\Program Files\NetBeans 7.4\enterprise\modules\ext\jersey2\extensions\jackson-xc-1.9.11.jar;C:\Program Files\NetBeans 7.4\enterprise\modules\ext\jersey2\extensions\jersey-media-json-jackson-2.0.jar;C:\Program Files\NetBeans 7.4\enterprise\modules\ext\jersey2\extensions\jersey-media-json-jettison-2.0.jar;C:\Program Files\NetBeans 7.4\enterprise\modules\ext\jersey2\extensions\jettison-1.3.3.jar" />
    <property name="libs.junit_4.src" value="C:\Users\USER\AppData\Roaming\NetBeans\7.4\docs\junit-4.10-sources.jar" />
    <property name="libs.savaje-ant-utils.src" value="" />
    <property name="do.archive+main.class.available" value="true" />
    <property name="file.reference.jasperreports-htmlcomponent-4.7.1.jar" value="src\Libs\Jasper\jasperreports-htmlcomponent-4.7.1.jar" />
    <property name="file.reference.png-encoder-1.5.jar" value="src\Libs\Jasper\png-encoder-1.5.jar" />
    <property name="libs.javac-api.maven-pom" value="" />
    <property name="msa.apis" value="cldc_1.0.jar,cldc_1.1.jar,midp_2.0.jar,midp_2.1.jar,jsr75_1.0.jar,jsr082_1.1.jar,jsr120_1.1.jar,jsr135_1.2.jar,jsr172_1.0.jar,jsr177_1.0.jar,jsr179_1.0.jar,jsr184_1.1.jar,jsr205_2.0.jar,jsr211_1.0.jar,jsr226_1.0.jar,jsr234_1.0.jar" />
    <property name="cldc-hi-sim.bootclasspath" value="cldc_1.1.jar,midp_2.1.jar,jsr75_1.0.jar,jsr120_1.1.jar,jsr135_1.2.jar,jsr177_1.0.jar,jsr211_1.0.jar" />
    <property name="emulator.connect.timeout" value="150000" />
    <property name="libs.semc-ant-utils.src" value="" />
    <property name="deployments.NokiaDeployment.default.deployment.nokia.deploytoalldevices" value="yes" />
    <property name="jna.boot.library.name" value="jnidispatch-340" />
    <property name="libs.jsp-compilation.classpath" value="C:\Program Files\NetBeans 7.4\extide\ant\lib\ant.jar;C:\Program Files\NetBeans 7.4\enterprise\modules\ext\servlet3.1-jsp2.3-api.jar;C:\Program Files\NetBeans 7.4\enterprise\modules\ext\glassfish-jspparser-4.0.jar;C:\Program Files\NetBeans 7.4\enterprise\modules\ext\jsf-2_2\javax.faces.jar;C:\Program Files\NetBeans 7.4\enterprise\modules\ext\jstl-api.jar;C:\Program Files\NetBeans 7.4\extide\ant\lib\ant-launcher.jar" />
    <property name="deployments.Scp.default.deployment.scp.userid" value="" />
    <property name="org.openide.awt.ActionReference.completion" value="org.netbeans.modules.apisupport.project.layers.PathCompletions" />
    <property name="debug-args-line" value="-Xdebug" />
    <property name="ant.file.type.Syndicate" value="file" />
    <property name="libs.hibernate-persistencemodelgen.classpath" value="C:\Program Files\NetBeans 7.4\java\modules\ext\hibernate\hibernate-jpamodelgen-1.1.1.Final.jar" />
    <property name="sun.java2d.noddraw" value="true" />
    <property name="testng.mode" value="testng" />
    <property name="libs.struts.maven-pom" value="" />
    <property name="file.reference.rex-20080421.jar" value="src\Libs\Jasper\rex-20080421.jar" />
    <property name="endorsed.classpath.cmd.line.arg" value="" />
    <property name="ap.processors.internal" value="" />
    <property name="libs.spring-framework300.maven-pom" value="" />
    <property name="libs.ant-contrib.maven-pom" value="" />
    <property name="libs.spring-framework300.src" value="" />
    <property name="file.reference.jna-4.2.1.jar" value="src\Libs\jna-4.2.1.jar" />
    <property name="file.reference.commons-beanutils-1.8.2.jar" value="src\Libs\Jasper\commons-beanutils-1.8.2.jar" />
    <property name="libs.DataBindingME-SVG.javadoc" value="C:\Users\USER\AppData\Roaming\NetBeans\7.4\modules\docs\netbeans_databindingme_svg-api.zip" />
    <property name="platforms.Oracle_Java_TM__Platform_Micro_Edition_SDK_3_4.preverifycommandline" value="" />
    <property name="file.reference.javassist-3.4.GA.jar" value="src\Libs\Jasper\javassist-3.4.GA.jar" />
    <property name="file.reference.js_commons-codec-1.3.jar" value="src\Libs\Jasper\js_commons-codec-1.3.jar" />
    <property name="libs.spring-webmvc3.0.javadoc" value="" />
    <property name="file.reference.js-hive-datasource-1.0.4.jar" value="src\Libs\Jasper\js-hive-datasource-1.0.4.jar" />
    <property name="debug.classpath" value="src\Libs\AnimationClass.jar:src\Libs\Jasper\ant-1.7.1.jar:src\Libs\Jasper\antlr-2.7.6.jar:src\Libs\Jasper\asm-attrs.jar:src\Libs\Jasper\asm.jar:src\Libs\Jasper\barbecue-1.5-beta1.jar:src\Libs\Jasper\barcode4j-2.1.jar:src\Libs\Jasper\batik-anim.jar:src\Libs\Jasper\batik-awt-util.jar:src\Libs\Jasper\batik-bridge.jar:src\Libs\Jasper\batik-css.jar:src\Libs\Jasper\batik-dom.jar:src\Libs\Jasper\batik-ext.jar:src\Libs\Jasper\batik-gvt.jar:src\Libs\Jasper\batik-parser.jar:src\Libs\Jasper\batik-script.jar:src\Libs\Jasper\batik-svg-dom.jar:src\Libs\Jasper\batik-svggen.jar:src\Libs\Jasper\batik-util.jar:src\Libs\Jasper\batik-xml.jar:src\Libs\Jasper\bcel-5.2.jar:src\Libs\Jasper\bsh-2.1b5.jar:src\Libs\Jasper\castor-1.2.jar:src\Libs\Jasper\cglib-2.1.jar:src\Libs\Jasper\cincom-jr-xmla.jar:src\Libs\Jasper\commons-beanutils-1.8.2.jar:src\Libs\Jasper\commons-collections-3.2.1.jar:src\Libs\Jasper\commons-dbcp-1.2.2.jar:src\Libs\Jasper\commons-digester-2.1.jar:src\Libs\Jasper\commons-javaflow-20060411.jar:src\Libs\Jasper\commons-logging-1.1.jar:src\Libs\Jasper\commons-math-1.0.jar:src\Libs\Jasper\commons-pool-1.3.jar:src\Libs\Jasper\commons-pool-1.6.jar:src\Libs\Jasper\commons-vfs-1.0.jar:src\Libs\customizer.jar:src\Libs\Jasper\dom4j-1.6.jar:src\Libs\Jasper\ehcache-1.1.jar:src\Libs\Jasper\eigenbase-properties-1.1.0.10924.jar:src\Libs\Jasper\eigenbase-resgen-1.3.0.11873.jar:src\Libs\Jasper\eigenbase-xom-1.3.0.11999.jar:src\Libs\Jasper\ejb3-persistence.jar:src\Libs\Jasper\groovy-all-2.0.1.jar:src\Libs\Jasper\hadoop-core-1.0.1.jar:src\Libs\Jasper\hibernate-annotations.jar:src\Libs\Jasper\hibernate-commons-annotations.jar:src\Libs\Jasper\hibernate3.jar:src\Libs\Jasper\hive-common-0.8.1.jar:src\Libs\Jasper\hive-exec-0.8.1.jar:src\Libs\Jasper\hive-jdbc-0.8.1.jar:src\Libs\Jasper\hive-metastore-0.8.1.jar:src\Libs\Jasper\hive-service-0.8.1.jar:src\Libs\Jasper\hsqldb-1.8.0-10.jar:src\Libs\Jasper\iText-2.1.7.js2.jar:src\Libs\Jasper\iTextAsian.jar:src\Libs\Jasper\jackson-annotations-2.0.5.jar:src\Libs\Jasper\jackson-core-2.0.5.jar:src\Libs\Jasper\jackson-databind-2.0.5.jar:src\Libs\Jasper\jasperreports-5.5.0.jar:src\Libs\Jasper\jasperreports-chart-themes-5.2.0.jar:src\Libs\Jasper\jasperreports-core-renderer.jar:src\Libs\Jasper\jasperreports-extensions-3.5.3.jar:src\Libs\Jasper\jasperreports-fonts-5.5.0.jar:src\Libs\Jasper\jasperreports-functions-5.5.0.jar:src\Libs\Jasper\jasperreports-htmlcomponent-4.7.1.jar:src\Libs\Jasper\jasperreports-htmlcomponent-5.0.1.jar:src\Libs\Jasper\jasperreports-json.jar:src\Libs\Jasper\jasperreports-jtidy-r938.jar:src\Libs\Jasper\javacup.jar:src\Libs\Jasper\javassist-3.4.GA.jar:src\Libs\javax.mail.jar:src\Libs\Jasper\jaxen-1.1.1.jar:src\Libs\jcalendar-1.4.jar:src\Libs\Jasper\jcommon-1.0.15.jar:src\Libs\Jasper\jdt-compiler-3.1.1.jar:src\Libs\Jasper\jfreechart-1.0.12.jar:src\Libs\jmf.jar:src\Libs\jna-4.2.1.jar:src\Libs\Jasper\joda-time-2.1.jar:src\Libs\Jasper\jpa.jar:src\Libs\Jasper\js-hive-datasource-1.0.4.jar:src\Libs\Jasper\js-mongodb-datasource-1.0.0a.jar:src\Libs\Jasper\js_activation-1.1.jar:src\Libs\Jasper\js_axis-1.4patched.jar:src\Libs\Jasper\js_commons-codec-1.3.jar:src\Libs\Jasper\js_commons-discovery-0.2.jar:src\Libs\Jasper\js_commons-httpclient-3.1.jar:src\Libs\Jasper\js_jasperserver-common-ws-4.7.1.jar:src\Libs\Jasper\js_jaxrpc.jar:src\Libs\Jasper\js_mail-1.4.jar:src\Libs\Jasper\js_saaj-api-1.3.jar:src\Libs\Jasper\js_wsdl4j-1.5.1.jar:src\Libs\Jasper\jta.jar:src\Libs\Jasper\jxl-2.6.10.jar:src\Libs\Jasper\libfb303-0.7.0.jar:src\Libs\Jasper\libthrift-0.9.0-snapshot.jar:src\Libs\Jasper\log4j-1.2.15.jar:src\Libs\Logers\log4j-1.2.9 (2).jar:src\Libs\mediaplayer.jar:src\Libs\Jasper\mondrian-3.2.0-13661-JS.jar:src\Libs\Jasper\mongo-java-driver-2.7.3.jar:src\Libs\multiplayer.jar:src\Libs\mysql-connector-java-commercial-5.1.35-bin.jar:src\Libs\Jasper\olap4j-0.9.7.309-JS.jar:src\Libs\Jasper\png-encoder-1.5.jar:src\Libs\Jasper\poi-3.7-20101029.jar:src\Libs\Jasper\poi-ooxml-3.7-20101029.jar:src\Libs\Jasper\poi-ooxml-schemas-3.7-20101029.jar:src\Libs\Jasper\rex-0.8.1.jar:src\Libs\Jasper\rex-20080421.jar:src\Libs\Jasper\rhino-1.7R3.jar:src\Libs\Jasper\servlet-api-2.4.jar:src\Libs\Jasper\slf4j-api-1.5.8.jar:src\Libs\Jasper\slf4j-log4j12-1.5.8.jar:src\Libs\Jasper\spring.jar:src\Libs\Jasper\sqleonardo-2009.03.rc1.jar:src\Libs\Jasper\swingx-2007_10_07.jar:src\Libs\synthetica.jar:src\Libs\syntheticaSimple2D.jar:src\Libs\Jasper\velocity-1.7-dep.jar:src\Libs\vlcj-3.0.1.jar:src\Libs\Jasper\xbean.jar:src\Libs\Jasper\xml-apis-ext.jar:src\Libs\Jasper\xml-apis.jar:C:\Program Files\NetBeans 7.4\ide\modules\ext\mysql-connector-java-5.1.23-bin.jar:C:\Program Files\NetBeans 7.4\java\modules\ext\AbsoluteLayout.jar:C:\Program Files\NetBeans 7.4\java\modules\ext\beansbinding-1.2.1.jar:build/classes" />
    <property name="libs.EclipseLink-GlassFish-v3.classpath" value="C:\Program Files\glassfish-4.0\glassfish\modules\org.eclipse.persistence.antlr.jar;C:\Program Files\glassfish-4.0\glassfish\modules\org.eclipse.persistence.asm.jar;C:\Program Files\glassfish-4.0\glassfish\modules\org.eclipse.persistence.core.jar;C:\Program Files\glassfish-4.0\glassfish\modules\org.eclipse.persistence.dbws.jar;C:\Program Files\glassfish-4.0\glassfish\modules\org.eclipse.persistence.jpa.jar;C:\Program Files\glassfish-4.0\glassfish\modules\org.eclipse.persistence.jpa.jpql.jar;C:\Program Files\glassfish-4.0\glassfish\modules\org.eclipse.persistence.jpa.modelgen.processor.jar;C:\Program Files\glassfish-4.0\glassfish\modules\org.eclipse.persistence.moxy.jar;C:\Program Files\glassfish-4.0\glassfish\modules\org.eclipse.persistence.oracle.jar;C:\Program Files\glassfish-4.0\glassfish\modules\javax.persistence.jar" />
    <property name="user.home" value="C:\Users\USER" />
    <property name="test.src.dir" value="test" />
    <property name="file.reference.rex-0.8.1.jar" value="src\Libs\Jasper\rex-0.8.1.jar" />
    <property name="libs.hibernate-persistence.src" value="" />
    <property name="file.reference.batik-gvt.jar" value="src\Libs\Jasper\batik-gvt.jar" />
    <property name="libs.junit_4.javadoc" value="C:\Users\USER\AppData\Roaming\NetBeans\7.4\docs\junit-4.10-javadoc.jar" />
    <property name="apple.awt.graphics.UseQuartz" value="true" />
    <property name="libs.jsf20.maven-pom" value="" />
    <property name="libs.MySQLDriver.maven-pom" value="" />
    <property name="libs.junit_4.classpath" value="C:\Users\USER\AppData\Roaming\NetBeans\7.4\modules\ext\junit-4.10.jar" />
    <property name="libs.nokiadeployment.maven-pom" value="" />
    <property name="file.reference.ejb3-persistence.jar" value="src\Libs\Jasper\ejb3-persistence.jar" />
    <property name="libs.primefaces.classpath" value="C:\Program Files\NetBeans 7.4\enterprise\modules\ext\primefaces\primefaces-3.5.jar;C:\Program Files\NetBeans 7.4\enterprise\modules\ext\commons-fileupload-1.3.jar" />
    <property name="libs.spring-webmvc.maven-pom" value="" />
    <property name="jtwi.apis" value="cldc_1.0.jar,cldc_1.1.jar,midp_1.0.jar,midp_2.0.jar,jsr120_1.1.jar,jsr135_1.2.jar" />
    <property name="libs.javaee-api-6.0.classpath" value="C:\Program Files\NetBeans 7.4\enterprise\modules\ext\javaee-api-6.0.jar" />
    <property name="jsr120.wmatool.phone-number" value="987654321" />
    <property name="javac.source" value="1.7" />
    <property name="libs.jstl.classpath" value="C:\Program Files\NetBeans 7.4\enterprise\modules\ext\jstl-impl.jar;C:\Program Files\NetBeans 7.4\enterprise\modules\ext\jstl-api.jar" />
    <property name="file.reference.hadoop-core-1.0.1.jar" value="src\Libs\Jasper\hadoop-core-1.0.1.jar" />
    <property name="file.reference.castor-1.2.jar" value="src\Libs\Jasper\castor-1.2.jar" />
    <property name="libs.javaee-api-6.0.javadoc" value="C:\Program Files\NetBeans 7.4\enterprise\docs\javaee-doc-api.jar" />
    <property name="jsr120.mms.maximum.size" value="1048576" />
    <property name="file.reference.hive-exec-0.8.1.jar" value="src\Libs\Jasper\hive-exec-0.8.1.jar" />
    <property name="empty.dir" value="C:\Users\USER\Desktop\Final\Final Project\Syndicate\build\empty" />
    <property name="libs.Java-EE-GlassFish-v3-Prelude.src" value="" />
    <property name="file.reference.js-mongodb-datasource-1.0.0a.jar" value="src\Libs\Jasper\js-mongodb-datasource-1.0.0a.jar" />
    <property name="libs.javaee-web-api-6.0.maven-pom" value="" />
    <property name="org.xml.sax.driver" value="com.sun.org.apache.xerces.internal.jaxp.SAXParserImpl$JAXPSAXParser" />
    <property name="libs.javaee-api-7.0.classpath" value="C:\Program Files\NetBeans 7.4\enterprise\modules\ext\javaee-api-7.0.jar" />
    <property name="libs.spring-framework.src" value="" />
    <property name="ant.file.Syndicate" value="C:\Users\USER\Desktop\Final\Final Project\Syndicate\build.xml" />
    <property name="libs.hibernate-support.maven-pom" value="" />
    <property name="file.reference.jasperreports-extensions-3.5.3.jar" value="src\Libs\Jasper\jasperreports-extensions-3.5.3.jar" />
    <property name="backlight.timeout" value="2000" />
    <property name="deployments.Scp.default.deployment.scp.server" value="" />
    <property name="platforms.CDC_Oracle_Java_TM__Platform_Micro_Edition_SDK_3.4.home" value="C:\Java_ME_platform_SDK_3.4" />
    <property name="file.encoding" value="Cp1252" />
    <property name="javac.fork" value="false" />
    <property name="libs.primefaces.javadoc" value="" />
    <property name="libs.testng.classpath" value="C:\Program Files\NetBeans 7.4\platform\modules\ext\testng-6.8.1-dist.jar" />
    <property name="file.reference.mysql-connector-java-commercial-5.1.35-bin.jar" value="src\Libs\mysql-connector-java-commercial-5.1.35-bin.jar" />
    <property name="netbeans.home+have.tests" value="true" />
    <property name="is.mesdk_netmon" value="true" />
    <property name="java.vm.version" value="24.51-b03" />
    <property name="file.reference.jcalendar-1.4.jar" value="src\Libs\jcalendar-1.4.jar" />
    <property name="libs.hibernate-support.javadoc" value="" />
    <property name="executable.suffix" value=".exe" />
    <property name="libs.javaee-web-api-7.0.maven-pom" value="" />
    <property name="sun.io.unicode.encoding" value="UnicodeLittle" />
    <property name="libs.cdc-pp-awt-layout.src" value="C:\Program Files\NetBeans 7.4\mobility\sources\cdc-pp-awt-layout-src.zip" />
    <property name="file.reference.xbean.jar" value="src\Libs\Jasper\xbean.jar" />
    <property name="libs.javac-api.classpath" value="C:\Program Files\NetBeans 7.4\java\modules\ext\nb-javac-api.jar" />
    <property name="jsr120.cbs-server.port" value="54455" />
    <property name="netbeans.buildnumber" value="201310111528" />
    <property name="libs.jaxb.javadoc" value="C:\Program Files\NetBeans 7.4\ide\docs\jaxb-api-doc.zip" />
    <property name="nb.native.filechooser" value="false" />
    <property name="libs.JMUnit4CLDC11.src" value="" />
    <property name="java.runtime.version" value="1.7.0_51-b13" />
    <property name="libs.cdc-agui-swing-layout.maven-pom" value="" />
    <property name="cldc-hi-web.bootclasspath" value="cldc_1.1.jar,midp_2.1.jar,jsr75_1.0.jar,jsr120_1.1.jar,jsr135_1.2.jar,jsr179_1.0.jar,jsr211_1.0.jar,jsr256_1.2.jar,jsr280_1.0.jar" />
    <property name="file.reference.dom4j-1.6.jar" value="src\Libs\Jasper\dom4j-1.6.jar" />
    <property name="file.reference.jcommon-1.0.15.jar" value="src\Libs\Jasper\jcommon-1.0.15.jar" />
    <property name="libs.Java-EE-GlassFish-v3-Prelude.javadoc" value="C:\Program Files\NetBeans 7.4\enterprise\docs\javaee-doc-api.jar" />
    <property name="javac.classpath" value="src\Libs\AnimationClass.jar:src\Libs\Jasper\ant-1.7.1.jar:src\Libs\Jasper\antlr-2.7.6.jar:src\Libs\Jasper\asm-attrs.jar:src\Libs\Jasper\asm.jar:src\Libs\Jasper\barbecue-1.5-beta1.jar:src\Libs\Jasper\barcode4j-2.1.jar:src\Libs\Jasper\batik-anim.jar:src\Libs\Jasper\batik-awt-util.jar:src\Libs\Jasper\batik-bridge.jar:src\Libs\Jasper\batik-css.jar:src\Libs\Jasper\batik-dom.jar:src\Libs\Jasper\batik-ext.jar:src\Libs\Jasper\batik-gvt.jar:src\Libs\Jasper\batik-parser.jar:src\Libs\Jasper\batik-script.jar:src\Libs\Jasper\batik-svg-dom.jar:src\Libs\Jasper\batik-svggen.jar:src\Libs\Jasper\batik-util.jar:src\Libs\Jasper\batik-xml.jar:src\Libs\Jasper\bcel-5.2.jar:src\Libs\Jasper\bsh-2.1b5.jar:src\Libs\Jasper\castor-1.2.jar:src\Libs\Jasper\cglib-2.1.jar:src\Libs\Jasper\cincom-jr-xmla.jar:src\Libs\Jasper\commons-beanutils-1.8.2.jar:src\Libs\Jasper\commons-collections-3.2.1.jar:src\Libs\Jasper\commons-dbcp-1.2.2.jar:src\Libs\Jasper\commons-digester-2.1.jar:src\Libs\Jasper\commons-javaflow-20060411.jar:src\Libs\Jasper\commons-logging-1.1.jar:src\Libs\Jasper\commons-math-1.0.jar:src\Libs\Jasper\commons-pool-1.3.jar:src\Libs\Jasper\commons-pool-1.6.jar:src\Libs\Jasper\commons-vfs-1.0.jar:src\Libs\customizer.jar:src\Libs\Jasper\dom4j-1.6.jar:src\Libs\Jasper\ehcache-1.1.jar:src\Libs\Jasper\eigenbase-properties-1.1.0.10924.jar:src\Libs\Jasper\eigenbase-resgen-1.3.0.11873.jar:src\Libs\Jasper\eigenbase-xom-1.3.0.11999.jar:src\Libs\Jasper\ejb3-persistence.jar:src\Libs\Jasper\groovy-all-2.0.1.jar:src\Libs\Jasper\hadoop-core-1.0.1.jar:src\Libs\Jasper\hibernate-annotations.jar:src\Libs\Jasper\hibernate-commons-annotations.jar:src\Libs\Jasper\hibernate3.jar:src\Libs\Jasper\hive-common-0.8.1.jar:src\Libs\Jasper\hive-exec-0.8.1.jar:src\Libs\Jasper\hive-jdbc-0.8.1.jar:src\Libs\Jasper\hive-metastore-0.8.1.jar:src\Libs\Jasper\hive-service-0.8.1.jar:src\Libs\Jasper\hsqldb-1.8.0-10.jar:src\Libs\Jasper\iText-2.1.7.js2.jar:src\Libs\Jasper\iTextAsian.jar:src\Libs\Jasper\jackson-annotations-2.0.5.jar:src\Libs\Jasper\jackson-core-2.0.5.jar:src\Libs\Jasper\jackson-databind-2.0.5.jar:src\Libs\Jasper\jasperreports-5.5.0.jar:src\Libs\Jasper\jasperreports-chart-themes-5.2.0.jar:src\Libs\Jasper\jasperreports-core-renderer.jar:src\Libs\Jasper\jasperreports-extensions-3.5.3.jar:src\Libs\Jasper\jasperreports-fonts-5.5.0.jar:src\Libs\Jasper\jasperreports-functions-5.5.0.jar:src\Libs\Jasper\jasperreports-htmlcomponent-4.7.1.jar:src\Libs\Jasper\jasperreports-htmlcomponent-5.0.1.jar:src\Libs\Jasper\jasperreports-json.jar:src\Libs\Jasper\jasperreports-jtidy-r938.jar:src\Libs\Jasper\javacup.jar:src\Libs\Jasper\javassist-3.4.GA.jar:src\Libs\javax.mail.jar:src\Libs\Jasper\jaxen-1.1.1.jar:src\Libs\jcalendar-1.4.jar:src\Libs\Jasper\jcommon-1.0.15.jar:src\Libs\Jasper\jdt-compiler-3.1.1.jar:src\Libs\Jasper\jfreechart-1.0.12.jar:src\Libs\jmf.jar:src\Libs\jna-4.2.1.jar:src\Libs\Jasper\joda-time-2.1.jar:src\Libs\Jasper\jpa.jar:src\Libs\Jasper\js-hive-datasource-1.0.4.jar:src\Libs\Jasper\js-mongodb-datasource-1.0.0a.jar:src\Libs\Jasper\js_activation-1.1.jar:src\Libs\Jasper\js_axis-1.4patched.jar:src\Libs\Jasper\js_commons-codec-1.3.jar:src\Libs\Jasper\js_commons-discovery-0.2.jar:src\Libs\Jasper\js_commons-httpclient-3.1.jar:src\Libs\Jasper\js_jasperserver-common-ws-4.7.1.jar:src\Libs\Jasper\js_jaxrpc.jar:src\Libs\Jasper\js_mail-1.4.jar:src\Libs\Jasper\js_saaj-api-1.3.jar:src\Libs\Jasper\js_wsdl4j-1.5.1.jar:src\Libs\Jasper\jta.jar:src\Libs\Jasper\jxl-2.6.10.jar:src\Libs\Jasper\libfb303-0.7.0.jar:src\Libs\Jasper\libthrift-0.9.0-snapshot.jar:src\Libs\Jasper\log4j-1.2.15.jar:src\Libs\Logers\log4j-1.2.9 (2).jar:src\Libs\mediaplayer.jar:src\Libs\Jasper\mondrian-3.2.0-13661-JS.jar:src\Libs\Jasper\mongo-java-driver-2.7.3.jar:src\Libs\multiplayer.jar:src\Libs\mysql-connector-java-commercial-5.1.35-bin.jar:src\Libs\Jasper\olap4j-0.9.7.309-JS.jar:src\Libs\Jasper\png-encoder-1.5.jar:src\Libs\Jasper\poi-3.7-20101029.jar:src\Libs\Jasper\poi-ooxml-3.7-20101029.jar:src\Libs\Jasper\poi-ooxml-schemas-3.7-20101029.jar:src\Libs\Jasper\rex-0.8.1.jar:src\Libs\Jasper\rex-20080421.jar:src\Libs\Jasper\rhino-1.7R3.jar:src\Libs\Jasper\servlet-api-2.4.jar:src\Libs\Jasper\slf4j-api-1.5.8.jar:src\Libs\Jasper\slf4j-log4j12-1.5.8.jar:src\Libs\Jasper\spring.jar:src\Libs\Jasper\sqleonardo-2009.03.rc1.jar:src\Libs\Jasper\swingx-2007_10_07.jar:src\Libs\synthetica.jar:src\Libs\syntheticaSimple2D.jar:src\Libs\Jasper\velocity-1.7-dep.jar:src\Libs\vlcj-3.0.1.jar:src\Libs\Jasper\xbean.jar:src\Libs\Jasper\xml-apis-ext.jar:src\Libs\Jasper\xml-apis.jar:C:\Program Files\NetBeans 7.4\ide\modules\ext\mysql-connector-java-5.1.23-bin.jar:C:\Program Files\NetBeans 7.4\java\modules\ext\AbsoluteLayout.jar:C:\Program Files\NetBeans 7.4\java\modules\ext\beansbinding-1.2.1.jar" />
    <property name="file.reference.antlr-2.7.6.jar" value="src\Libs\Jasper\antlr-2.7.6.jar" />
    <property name="libs.eclipselink.classpath" value="C:\Program Files\NetBeans 7.4\java\modules\ext\eclipselink\eclipselink.jar;C:\Program Files\NetBeans 7.4\java\modules\ext\eclipselink\javax.persistence_2.1.0.v201304241213.jar;C:\Program Files\NetBeans 7.4\java\modules\ext\eclipselink\org.eclipse.persistence.jpa.jpql_2.5.0.v20130507-3faac2b.jar" />
    <property name="file.reference.bcel-5.2.jar" value="src\Libs\Jasper\bcel-5.2.jar" />
    <property name="build.classes.excludes" value="**/*.java,**/*.form" />
    <property name="libs.hibernate-persistencemodelgen.src" value="" />
    <property name="run.jvmargs.ide" value="" />
    <property name="java.awt.graphicsenv" value="sun.awt.Win32GraphicsEnvironment" />
    <property name="msa.bootclasspath" value="cldc_1.1.jar,midp_2.1.jar,jsr75_1.0.jar,jsr082_1.1.jar,jsr135_1.2.jar,jsr172_1.0.jar,jsr177_1.0.jar,jsr179_1.0.jar,jsr184_1.1.jar,jsr205_2.0.jar,jsr211_1.0.jar,jsr226_1.0.jar,jsr234_1.0.jar" />
    <property name="sun.management.compiler" value="HotSpot 64-Bit Tiered Compilers" />
    <property name="file.reference.jpa.jar" value="src\Libs\Jasper\jpa.jar" />
    <property name="file.reference.hive-common-0.8.1.jar" value="src\Libs\Jasper\hive-common-0.8.1.jar" />
    <property name="file.reference.swingx-2007_10_07.jar" value="src\Libs\Jasper\swingx-2007_10_07.jar" />
    <property name="deployments.Ftp.default.deployment.ftp.separator" value="/" />
    <property name="window_id" value="Java_ME_SDK_DeviceManager" />
    <property name="dist.dir" value="dist" />
    <property name="netbeans.autoupdate.language" value="en" />
    <property name="file.reference.cincom-jr-xmla.jar" value="src\Libs\Jasper\cincom-jr-xmla.jar" />
    <property name="https.nonProxyHosts" value="localhost|127.0.0.1|Randika" />
    <property name="runtime.encoding" value="UTF-8" />
    <property name="do.depend" value="false" />
    <property name="libs.cdc-ant-utils.src" value="" />
    <property name="libs.savaje-ant-utils.javadoc" value="" />
    <property name="libs.cdc-ant-utils.classpath" value="C:\Program Files\NetBeans 7.4\mobility\modules\ext\org-netbeans-modules-j2me-cdc-project.jar" />
    <property name="libs.PostgreSQLDriver.src" value="" />
    <property name="do.archive" value="true" />
    <property name="ap.proc.none.internal" value="" />
    <property name="java.class.version" value="51.0" />
    <property name="java.home" value="C:\Program Files\Java\jdk1.7.0_51\jre" />
    <property name="libs.absolutelayout.classpath" value="C:\Program Files\NetBeans 7.4\java\modules\ext\AbsoluteLayout.jar" />
    <property name="libs.eclipselink.javadoc" value="" />
    <property name="netbeans.home" value="C:\Program Files\NetBeans 7.4\platform" />
    <property name="full.apis" value="cldc_1.0.jar,cldc_1.1.jar,midp_2.0.jar,midp_2.1.jar,jsr75_1.0.jar,jsr082_1.1.jar,jsr120_1.1.jar,jsr135_1.2.jar,jsr172_1.0.jar,jsr177_1.0.jar,jsr179_1.0.jar,jsr184_1.1.jar,jsr205_2.0.jar,jsr211_1.0.jar,jsr226_1.0.jar,jsr234_1.0.jar,jsr239_1.0.jar,jsr256_1.2.jar,jsr257_1.0.jar,jsr280_1.0.jar" />
    <property name="file.reference.batik-awt-util.jar" value="src\Libs\Jasper\batik-awt-util.jar" />
    <property name="sun.cpu.endian" value="little" />
    <property name="libs.JMUnit4CLDC10.maven-pom" value="" />
    <property name="test.binarytestincludes" value="" />
    <property name="file.reference.eigenbase-xom-1.3.0.11999.jar" value="src\Libs\Jasper\eigenbase-xom-1.3.0.11999.jar" />
    <property name="excludes" value="" />
    <property name="libs.hibernate-persistence.classpath" value="C:\Program Files\NetBeans 7.4\java\modules\ext\hibernate\antlr-2.7.6.jar;C:\Program Files\NetBeans 7.4\java\modules\ext\hibernate\cglib-2.2.jar;C:\Program Files\NetBeans 7.4\java\modules\ext\hibernate\commons-collections-3.1.jar;C:\Program Files\NetBeans 7.4\java\modules\ext\hibernate\dom4j-1.6.1.jar;C:\Program Files\NetBeans 7.4\java\modules\ext\hibernate\jta-1.1.jar;C:\Program Files\NetBeans 7.4\java\modules\ext\hibernate\hibernate-core-3.6.10.Final.jar;C:\Program Files\NetBeans 7.4\java\modules\ext\hibernate\hibernate-commons-annotations-3.2.0.Final.jar;C:\Program Files\NetBeans 7.4\java\modules\ext\hibernate\hibernate-entitymanager-3.6.10.Final.jar;C:\Program Files\NetBeans 7.4\java\modules\ext\hibernate\hibernate-tools-3.6.0.CR1.jar;C:\Program Files\NetBeans 7.4\java\modules\ext\hibernate\javassist-3.12.0.GA.jar;C:\Program Files\NetBeans 7.4\java\modules\ext\hibernate\c3p0-0.9.1.jar;C:\Program Files\NetBeans 7.4\java\modules\ext\hibernate\oscache-2.1.jar;C:\Program Files\NetBeans 7.4\java\modules\ext\hibernate\slf4j-api-1.6.1.jar;C:\Program Files\NetBeans 7.4\java\modules\ext\hibernate\slf4j-simple-1.6.1.jar;C:\Program Files\NetBeans 7.4\java\modules\ext\hibernate\hibernate-jpa-2.0-api-1.0.1.Final.jar" />
    <property name="dist.archive.excludes" value="" />
    <property name="ant.project.default-target" value="default" />
    <property name="netbeans.dynamic.classpath" value="C:\Program Files\NetBeans 7.4\platform\core\core.jar;C:\Program Files\NetBeans 7.4\platform\core\org-openide-filesystems.jar;C:\Program Files\NetBeans 7.4\platform\core\locale\core_ja.jar;C:\Program Files\NetBeans 7.4\platform\core\locale\core_pt_BR.jar;C:\Program Files\NetBeans 7.4\platform\core\locale\core_ru.jar;C:\Program Files\NetBeans 7.4\platform\core\locale\core_zh_CN.jar;C:\Program Files\NetBeans 7.4\platform\core\locale\org-openide-filesystems_ja.jar;C:\Program Files\NetBeans 7.4\platform\core\locale\org-openide-filesystems_pt_BR.jar;C:\Program Files\NetBeans 7.4\platform\core\locale\org-openide-filesystems_ru.jar;C:\Program Files\NetBeans 7.4\platform\core\locale\org-openide-filesystems_zh_CN.jar;C:\Program Files\NetBeans 7.4\nb\core\org-netbeans-upgrader.jar;C:\Program Files\NetBeans 7.4\nb\core\locale\core_nb.jar;C:\Program Files\NetBeans 7.4\nb\core\locale\core_nb_ja.jar;C:\Program Files\NetBeans 7.4\nb\core\locale\core_nb_pt_BR.jar;C:\Program Files\NetBeans 7.4\nb\core\locale\core_nb_ru.jar;C:\Program Files\NetBeans 7.4\nb\core\locale\core_nb_zh_CN.jar;C:\Program Files\NetBeans 7.4\nb\core\locale\org-netbeans-upgrader_ja.jar;C:\Program Files\NetBeans 7.4\nb\core\locale\org-netbeans-upgrader_pt_BR.jar;C:\Program Files\NetBeans 7.4\nb\core\locale\org-netbeans-upgrader_ru.jar;C:\Program Files\NetBeans 7.4\nb\core\locale\org-netbeans-upgrader_zh_CN.jar" />
    <property name="libs.NetBeans MIDP Components PDA.maven-pom" value="" />
    <property name="src.dir" value="src" />
    <property name="jsr229.wmatool.phone-number" value="5550000" />
    <property name="libs.Comet-GlassFish-v3.javadoc" value="" />
    <property name="libs.hibernate-support.src" value="" />
    <property name="file.reference.batik-svg-dom.jar" value="src\Libs\Jasper\batik-svg-dom.jar" />
    <property name="libs.DataBindingME.classpath" value="C:\Users\USER\AppData\Roaming\NetBeans\7.4\modules\ext\netbeans_databindingme.jar" />
    <property name="libs.jsp-compiler.maven-pom" value="" />
    <property name="version-output" value="java version &quot;1.7" />
    <property name="libs.spring-webmvc3.0.classpath" value="C:\Program Files\NetBeans 7.4\java\modules\ext\spring-3.0\spring-webmvc-3.2.3.RELEASE.jar" />
    <property name="libs.NetBeans MIDP Components.maven-pom" value="" />
    <property name="libs.groovy-all.classpath" value="C:\Program Files\NetBeans 7.4\groovy\modules\ext\groovy-all.jar" />
    <property name="file.reference.batik-bridge.jar" value="src\Libs\Jasper\batik-bridge.jar" />
    <property name="javac.target" value="1.7" />
    <property name="libs.ejb3-persistence.maven-pom" value="" />
    <property name="test.binaryincludes" value="&lt;nothing&gt;" />
    <property name="libs.testng.src" value="" />
    <property name="libs.jakarta_slide_ant_webdav.maven-pom" value="" />
    <property name="javadoc.preview" value="true" />
    <property name="javadoc.noindex" value="false" />
    <property name="file.reference.jasperreports-htmlcomponent-5.0.1.jar" value="src\Libs\Jasper\jasperreports-htmlcomponent-5.0.1.jar" />
    <property name="libs.restapi.javadoc" value="" />
    <property name="libs.javaee-endorsed-api-7.0.src" value="" />
    <property name="user.country" value="US" />
    <property name="file.reference.eigenbase-properties-1.1.0.10924.jar" value="src\Libs\Jasper\eigenbase-properties-1.1.0.10924.jar" />
    <property name="libs.PostgreSQLDriver.classpath" value="C:\Program Files\NetBeans 7.4\ide\modules\ext\postgresql-9.2-1002.jdbc4.jar" />
    <property name="user.timezone" value="" />
    <property name="file.reference.commons-collections-3.2.1.jar" value="src\Libs\Jasper\commons-collections-3.2.1.jar" />
    <property name="libs.eclipselinkmodelgen.maven-pom" value="" />
    <property name="javac.debug" value="true" />
    <property name="libs.j2me_ant_ext.classpath" value="C:\Program Files\NetBeans 7.4\mobility\modules\org-netbeans-modules-mobility-antext.jar;C:\Program Files\NetBeans 7.4\java\modules\org-netbeans-modules-classfile.jar" />
    <property name="libs.DataBindingME-PIM.src" value="C:\Users\USER\AppData\Roaming\NetBeans\7.4\sources\netbeans_databindingme_pim-src.zip" />
    <property name="javac.test.processorpath" value="src\Libs\AnimationClass.jar:src\Libs\Jasper\ant-1.7.1.jar:src\Libs\Jasper\antlr-2.7.6.jar:src\Libs\Jasper\asm-attrs.jar:src\Libs\Jasper\asm.jar:src\Libs\Jasper\barbecue-1.5-beta1.jar:src\Libs\Jasper\barcode4j-2.1.jar:src\Libs\Jasper\batik-anim.jar:src\Libs\Jasper\batik-awt-util.jar:src\Libs\Jasper\batik-bridge.jar:src\Libs\Jasper\batik-css.jar:src\Libs\Jasper\batik-dom.jar:src\Libs\Jasper\batik-ext.jar:src\Libs\Jasper\batik-gvt.jar:src\Libs\Jasper\batik-parser.jar:src\Libs\Jasper\batik-script.jar:src\Libs\Jasper\batik-svg-dom.jar:src\Libs\Jasper\batik-svggen.jar:src\Libs\Jasper\batik-util.jar:src\Libs\Jasper\batik-xml.jar:src\Libs\Jasper\bcel-5.2.jar:src\Libs\Jasper\bsh-2.1b5.jar:src\Libs\Jasper\castor-1.2.jar:src\Libs\Jasper\cglib-2.1.jar:src\Libs\Jasper\cincom-jr-xmla.jar:src\Libs\Jasper\commons-beanutils-1.8.2.jar:src\Libs\Jasper\commons-collections-3.2.1.jar:src\Libs\Jasper\commons-dbcp-1.2.2.jar:src\Libs\Jasper\commons-digester-2.1.jar:src\Libs\Jasper\commons-javaflow-20060411.jar:src\Libs\Jasper\commons-logging-1.1.jar:src\Libs\Jasper\commons-math-1.0.jar:src\Libs\Jasper\commons-pool-1.3.jar:src\Libs\Jasper\commons-pool-1.6.jar:src\Libs\Jasper\commons-vfs-1.0.jar:src\Libs\customizer.jar:src\Libs\Jasper\dom4j-1.6.jar:src\Libs\Jasper\ehcache-1.1.jar:src\Libs\Jasper\eigenbase-properties-1.1.0.10924.jar:src\Libs\Jasper\eigenbase-resgen-1.3.0.11873.jar:src\Libs\Jasper\eigenbase-xom-1.3.0.11999.jar:src\Libs\Jasper\ejb3-persistence.jar:src\Libs\Jasper\groovy-all-2.0.1.jar:src\Libs\Jasper\hadoop-core-1.0.1.jar:src\Libs\Jasper\hibernate-annotations.jar:src\Libs\Jasper\hibernate-commons-annotations.jar:src\Libs\Jasper\hibernate3.jar:src\Libs\Jasper\hive-common-0.8.1.jar:src\Libs\Jasper\hive-exec-0.8.1.jar:src\Libs\Jasper\hive-jdbc-0.8.1.jar:src\Libs\Jasper\hive-metastore-0.8.1.jar:src\Libs\Jasper\hive-service-0.8.1.jar:src\Libs\Jasper\hsqldb-1.8.0-10.jar:src\Libs\Jasper\iText-2.1.7.js2.jar:src\Libs\Jasper\iTextAsian.jar:src\Libs\Jasper\jackson-annotations-2.0.5.jar:src\Libs\Jasper\jackson-core-2.0.5.jar:src\Libs\Jasper\jackson-databind-2.0.5.jar:src\Libs\Jasper\jasperreports-5.5.0.jar:src\Libs\Jasper\jasperreports-chart-themes-5.2.0.jar:src\Libs\Jasper\jasperreports-core-renderer.jar:src\Libs\Jasper\jasperreports-extensions-3.5.3.jar:src\Libs\Jasper\jasperreports-fonts-5.5.0.jar:src\Libs\Jasper\jasperreports-functions-5.5.0.jar:src\Libs\Jasper\jasperreports-htmlcomponent-4.7.1.jar:src\Libs\Jasper\jasperreports-htmlcomponent-5.0.1.jar:src\Libs\Jasper\jasperreports-json.jar:src\Libs\Jasper\jasperreports-jtidy-r938.jar:src\Libs\Jasper\javacup.jar:src\Libs\Jasper\javassist-3.4.GA.jar:src\Libs\javax.mail.jar:src\Libs\Jasper\jaxen-1.1.1.jar:src\Libs\jcalendar-1.4.jar:src\Libs\Jasper\jcommon-1.0.15.jar:src\Libs\Jasper\jdt-compiler-3.1.1.jar:src\Libs\Jasper\jfreechart-1.0.12.jar:src\Libs\jmf.jar:src\Libs\jna-4.2.1.jar:src\Libs\Jasper\joda-time-2.1.jar:src\Libs\Jasper\jpa.jar:src\Libs\Jasper\js-hive-datasource-1.0.4.jar:src\Libs\Jasper\js-mongodb-datasource-1.0.0a.jar:src\Libs\Jasper\js_activation-1.1.jar:src\Libs\Jasper\js_axis-1.4patched.jar:src\Libs\Jasper\js_commons-codec-1.3.jar:src\Libs\Jasper\js_commons-discovery-0.2.jar:src\Libs\Jasper\js_commons-httpclient-3.1.jar:src\Libs\Jasper\js_jasperserver-common-ws-4.7.1.jar:src\Libs\Jasper\js_jaxrpc.jar:src\Libs\Jasper\js_mail-1.4.jar:src\Libs\Jasper\js_saaj-api-1.3.jar:src\Libs\Jasper\js_wsdl4j-1.5.1.jar:src\Libs\Jasper\jta.jar:src\Libs\Jasper\jxl-2.6.10.jar:src\Libs\Jasper\libfb303-0.7.0.jar:src\Libs\Jasper\libthrift-0.9.0-snapshot.jar:src\Libs\Jasper\log4j-1.2.15.jar:src\Libs\Logers\log4j-1.2.9 (2).jar:src\Libs\mediaplayer.jar:src\Libs\Jasper\mondrian-3.2.0-13661-JS.jar:src\Libs\Jasper\mongo-java-driver-2.7.3.jar:src\Libs\multiplayer.jar:src\Libs\mysql-connector-java-commercial-5.1.35-bin.jar:src\Libs\Jasper\olap4j-0.9.7.309-JS.jar:src\Libs\Jasper\png-encoder-1.5.jar:src\Libs\Jasper\poi-3.7-20101029.jar:src\Libs\Jasper\poi-ooxml-3.7-20101029.jar:src\Libs\Jasper\poi-ooxml-schemas-3.7-20101029.jar:src\Libs\Jasper\rex-0.8.1.jar:src\Libs\Jasper\rex-20080421.jar:src\Libs\Jasper\rhino-1.7R3.jar:src\Libs\Jasper\servlet-api-2.4.jar:src\Libs\Jasper\slf4j-api-1.5.8.jar:src\Libs\Jasper\slf4j-log4j12-1.5.8.jar:src\Libs\Jasper\spring.jar:src\Libs\Jasper\sqleonardo-2009.03.rc1.jar:src\Libs\Jasper\swingx-2007_10_07.jar:src\Libs\synthetica.jar:src\Libs\syntheticaSimple2D.jar:src\Libs\Jasper\velocity-1.7-dep.jar:src\Libs\vlcj-3.0.1.jar:src\Libs\Jasper\xbean.jar:src\Libs\Jasper\xml-apis-ext.jar:src\Libs\Jasper\xml-apis.jar:C:\Program Files\NetBeans 7.4\ide\modules\ext\mysql-connector-java-5.1.23-bin.jar:C:\Program Files\NetBeans 7.4\java\modules\ext\AbsoluteLayout.jar:C:\Program Files\NetBeans 7.4\java\modules\ext\beansbinding-1.2.1.jar:build/classes:C:\Users\USER\AppData\Roaming\NetBeans\7.4\modules\ext\junit-4.10.jar" />
    <property name="libs.JWSAntTasks.javadoc" value="" />
    <property name="libs.jsf12.src" value="" />
    <property name="sun.arch.data.model" value="64" />
    <property name="file.reference.jackson-annotations-2.0.5.jar" value="src\Libs\Jasper\jackson-annotations-2.0.5.jar" />
    <property name="libs.jstl.src" value="" />
    <property name="file.reference.ant-1.7.1.jar" value="src\Libs\Jasper\ant-1.7.1.jar" />
    <property name="nb.internal.action.name" value="test" />
    <property name="file.reference.js_activation-1.1.jar" value="src\Libs\Jasper\js_activation-1.1.jar" />
    <property name="libs.nokiaS80-ant-utils.src" value="" />
    <property name="libs.spring-webmvc.javadoc" value="" />
    <property name="annotation.processing.processors.list" value="" />
    <property name="java.vm.vendor" value="Oracle Corporation" />
    <property name="libs.nokiaS80-ant-utils.javadoc" value="" />
    <property name="ant.file.Syndicate-impl" value="C:\Users\USER\Desktop\Final\Final Project\Syndicate\nbproject\build-impl.xml" />
    <property name="libs.MySQLDriver.javadoc" value="" />
    <property name="libs.absolutelayout.javadoc" value="" />
    <property name="libs.javaee-web-api-6.0.src" value="" />
    <property name="manifest.available" value="true" />
    <property name="file.reference.javacup.jar" value="src\Libs\Jasper\javacup.jar" />
    <property name="java.vm.specification.version" value="1.7" />
    <property name="ant.junit.enabletestlistenerevents" value="true" />
    <property name="libs.ant-contrib.src" value="" />
    <property name="file.reference.eigenbase-resgen-1.3.0.11873.jar" value="src\Libs\Jasper\eigenbase-resgen-1.3.0.11873.jar" />
    <property name="file.reference.hive-service-0.8.1.jar" value="src\Libs\Jasper\hive-service-0.8.1.jar" />
    <property name="device-manager.object-registry.name" value="device-manager" />
    <property name="build.generated.sources.dir" value="build/generated-sources" />
    <property name="file.reference.jasperreports-json.jar" value="src\Libs\Jasper\jasperreports-json.jar" />
    <property name="jsr120.sms.maximum.size" value="4096" />
    <property name="file.reference.poi-3.7-20101029.jar" value="src\Libs\Jasper\poi-3.7-20101029.jar" />
    <property name="libs.jaxb.src" value="" />
    <property name="file.reference.jasperreports-5.5.0.jar" value="src\Libs\Jasper\jasperreports-5.5.0.jar" />
    <property name="libs.groovy-all.src" value="" />
    <property name="user.dir" value="C:\Users\USER\Desktop\Final\Final Project\Syndicate" />
    <property name="libs.CopyLibs.javadoc" value="" />
    <property name="libs.NetBeans MIDP Components PDA.javadoc" value="C:\Users\USER\AppData\Roaming\NetBeans\7.4\modules\docs\netbeans_midp_components_pda-api.zip" />
    <property name="file.reference.mediaplayer.jar" value="src\Libs\mediaplayer.jar" />
    <property name="libs.semc-ant-utils.javadoc" value="" />
    <property name="libs.javaee-api-7.0.javadoc" value="C:\Program Files\NetBeans 7.4\enterprise\docs\javaee-doc-api.jar" />
    <property name="file.reference.barcode4j-2.1.jar" value="src\Libs\Jasper\barcode4j-2.1.jar" />
    <property name="build.test.results.dir" value="build/test/results" />
    <property name="file.reference.vlcj-3.0.1.jar" value="src\Libs\vlcj-3.0.1.jar" />
    <property name="libs.NetBeans MIDP Components WMA.javadoc" value="C:\Users\USER\AppData\Roaming\NetBeans\7.4\modules\docs\netbeans_midp_components_wma-api.zip" />
    <property name="copylibs.rebase" value="true" />
    <property name="libs.struts.classpath" value="C:\Program Files\NetBeans 7.4\enterprise\modules\ext\struts\antlr-2.7.2.jar;C:\Program Files\NetBeans 7.4\enterprise\modules\ext\struts\bsf-2.3.0.jar;C:\Program Files\NetBeans 7.4\enterprise\modules\ext\struts\commons-beanutils-1.8.0.jar;C:\Program Files\NetBeans 7.4\enterprise\modules\ext\struts\commons-chain-1.2.jar;C:\Program Files\NetBeans 7.4\enterprise\modules\ext\struts\commons-digester-1.8.jar;C:\Program Files\NetBeans 7.4\enterprise\modules\ext\struts\commons-fileupload-1.1.1.jar;C:\Program Files\NetBeans 7.4\enterprise\modules\ext\struts\commons-io-1.1.jar;C:\Program Files\NetBeans 7.4\enterprise\modules\ext\struts\commons-logging-1.0.4.jar;C:\Program Files\NetBeans 7.4\enterprise\modules\ext\struts\commons-validator-1.3.1.jar;C:\Program Files\NetBeans 7.4\enterprise\modules\ext\struts\jstl-1.0.2.jar;C:\Program Files\NetBeans 7.4\enterprise\modules\ext\struts\oro-2.0.8.jar;C:\Program Files\NetBeans 7.4\enterprise\modules\ext\struts\standard-1.0.6.jar;C:\Program Files\NetBeans 7.4\enterprise\modules\ext\struts\struts-core-1.3.10.jar;C:\Program Files\NetBeans 7.4\enterprise\modules\ext\struts\struts-el-1.3.10.jar;C:\Program Files\NetBeans 7.4\enterprise\modules\ext\struts\struts-extras-1.3.10.jar;C:\Program Files\NetBeans 7.4\enterprise\modules\ext\struts\struts-faces-1.3.10.jar;C:\Program Files\NetBeans 7.4\enterprise\modules\ext\struts\struts-mailreader-dao-1.3.10.jar;C:\Program Files\NetBeans 7.4\enterprise\modules\ext\struts\struts-scripting-1.3.10.jar;C:\Program Files\NetBeans 7.4\enterprise\modules\ext\struts\struts-taglib-1.3.10.jar;C:\Program Files\NetBeans 7.4\enterprise\modules\ext\struts\struts-tiles-1.3.10.jar" />
    <property name="jar.index" value="false" />
    <property name="libs.jsp-compilation.javadoc" value="" />
    <property name="javadoc.version" value="false" />
    <property name="libs.JAXB-ENDORSED.javadoc" value="" />
    <property name="os.arch.dll.suffix" value=".*64.* -&gt; -x64; .* -&gt; -x86" />
    <property name="libs.spring-framework300.classpath" value="C:\Program Files\NetBeans 7.4\ide\modules\org-apache-commons-logging.jar;C:\Program Files\NetBeans 7.4\java\modules\ext\cglib-2.2.jar;C:\Program Files\NetBeans 7.4\java\modules\ext\spring-3.0\spring-aop-3.2.3.RELEASE.jar;C:\Program Files\NetBeans 7.4\java\modules\ext\spring-3.0\spring-aspects-3.2.3.RELEASE.jar;C:\Program Files\NetBeans 7.4\java\modules\ext\spring-3.0\spring-beans-3.2.3.RELEASE.jar;C:\Program Files\NetBeans 7.4\java\modules\ext\spring-3.0\spring-build-src-3.2.3.RELEASE.jar;C:\Program Files\NetBeans 7.4\java\modules\ext\spring-3.0\spring-context-3.2.3.RELEASE.jar;C:\Program Files\NetBeans 7.4\java\modules\ext\spring-3.0\spring-context-support-3.2.3.RELEASE.jar;C:\Program Files\NetBeans 7.4\java\modules\ext\spring-3.0\spring-core-3.2.3.RELEASE.jar;C:\Program Files\NetBeans 7.4\java\modules\ext\spring-3.0\spring-expression-3.2.3.RELEASE.jar;C:\Program Files\NetBeans 7.4\java\modules\ext\spring-3.0\spring-instrument-3.2.3.RELEASE.jar;C:\Program Files\NetBeans 7.4\java\modules\ext\spring-3.0\spring-instrument-tomcat-3.2.3.RELEASE.jar;C:\Program Files\NetBeans 7.4\java\modules\ext\spring-3.0\spring-jdbc-3.2.3.RELEASE.jar;C:\Program Files\NetBeans 7.4\java\modules\ext\spring-3.0\spring-jms-3.2.3.RELEASE.jar;C:\Program Files\NetBeans 7.4\java\modules\ext\spring-3.0\spring-orm-3.2.3.RELEASE.jar;C:\Program Files\NetBeans 7.4\java\modules\ext\spring-3.0\spring-oxm-3.2.3.RELEASE.jar;C:\Program Files\NetBeans 7.4\java\modules\ext\spring-3.0\spring-struts-3.2.3.RELEASE.jar;C:\Program Files\NetBeans 7.4\java\modules\ext\spring-3.0\spring-test-3.2.3.RELEASE.jar;C:\Program Files\NetBeans 7.4\java\modules\ext\spring-3.0\spring-tx-3.2.3.RELEASE.jar;C:\Program Files\NetBeans 7.4\java\modules\ext\spring-3.0\spring-web-3.2.3.RELEASE.jar;C:\Program Files\NetBeans 7.4\java\modules\ext\spring-3.0\spring-webmvc-3.2.3.RELEASE.jar;C:\Program Files\NetBeans 7.4\java\modules\ext\spring-3.0\spring-webmvc-portlet-3.2.3.RELEASE.jar" />
    <property name="libs.ant-contrib.classpath" value="C:\Program Files\NetBeans 7.4\mobility\modules\ext\ant-contrib-1.0b3.jar" />
    <property name="java.version" value="1.7.0_51" />
    <property name="debug.test.classpath" value="src\Libs\AnimationClass.jar:src\Libs\Jasper\ant-1.7.1.jar:src\Libs\Jasper\antlr-2.7.6.jar:src\Libs\Jasper\asm-attrs.jar:src\Libs\Jasper\asm.jar:src\Libs\Jasper\barbecue-1.5-beta1.jar:src\Libs\Jasper\barcode4j-2.1.jar:src\Libs\Jasper\batik-anim.jar:src\Libs\Jasper\batik-awt-util.jar:src\Libs\Jasper\batik-bridge.jar:src\Libs\Jasper\batik-css.jar:src\Libs\Jasper\batik-dom.jar:src\Libs\Jasper\batik-ext.jar:src\Libs\Jasper\batik-gvt.jar:src\Libs\Jasper\batik-parser.jar:src\Libs\Jasper\batik-script.jar:src\Libs\Jasper\batik-svg-dom.jar:src\Libs\Jasper\batik-svggen.jar:src\Libs\Jasper\batik-util.jar:src\Libs\Jasper\batik-xml.jar:src\Libs\Jasper\bcel-5.2.jar:src\Libs\Jasper\bsh-2.1b5.jar:src\Libs\Jasper\castor-1.2.jar:src\Libs\Jasper\cglib-2.1.jar:src\Libs\Jasper\cincom-jr-xmla.jar:src\Libs\Jasper\commons-beanutils-1.8.2.jar:src\Libs\Jasper\commons-collections-3.2.1.jar:src\Libs\Jasper\commons-dbcp-1.2.2.jar:src\Libs\Jasper\commons-digester-2.1.jar:src\Libs\Jasper\commons-javaflow-20060411.jar:src\Libs\Jasper\commons-logging-1.1.jar:src\Libs\Jasper\commons-math-1.0.jar:src\Libs\Jasper\commons-pool-1.3.jar:src\Libs\Jasper\commons-pool-1.6.jar:src\Libs\Jasper\commons-vfs-1.0.jar:src\Libs\customizer.jar:src\Libs\Jasper\dom4j-1.6.jar:src\Libs\Jasper\ehcache-1.1.jar:src\Libs\Jasper\eigenbase-properties-1.1.0.10924.jar:src\Libs\Jasper\eigenbase-resgen-1.3.0.11873.jar:src\Libs\Jasper\eigenbase-xom-1.3.0.11999.jar:src\Libs\Jasper\ejb3-persistence.jar:src\Libs\Jasper\groovy-all-2.0.1.jar:src\Libs\Jasper\hadoop-core-1.0.1.jar:src\Libs\Jasper\hibernate-annotations.jar:src\Libs\Jasper\hibernate-commons-annotations.jar:src\Libs\Jasper\hibernate3.jar:src\Libs\Jasper\hive-common-0.8.1.jar:src\Libs\Jasper\hive-exec-0.8.1.jar:src\Libs\Jasper\hive-jdbc-0.8.1.jar:src\Libs\Jasper\hive-metastore-0.8.1.jar:src\Libs\Jasper\hive-service-0.8.1.jar:src\Libs\Jasper\hsqldb-1.8.0-10.jar:src\Libs\Jasper\iText-2.1.7.js2.jar:src\Libs\Jasper\iTextAsian.jar:src\Libs\Jasper\jackson-annotations-2.0.5.jar:src\Libs\Jasper\jackson-core-2.0.5.jar:src\Libs\Jasper\jackson-databind-2.0.5.jar:src\Libs\Jasper\jasperreports-5.5.0.jar:src\Libs\Jasper\jasperreports-chart-themes-5.2.0.jar:src\Libs\Jasper\jasperreports-core-renderer.jar:src\Libs\Jasper\jasperreports-extensions-3.5.3.jar:src\Libs\Jasper\jasperreports-fonts-5.5.0.jar:src\Libs\Jasper\jasperreports-functions-5.5.0.jar:src\Libs\Jasper\jasperreports-htmlcomponent-4.7.1.jar:src\Libs\Jasper\jasperreports-htmlcomponent-5.0.1.jar:src\Libs\Jasper\jasperreports-json.jar:src\Libs\Jasper\jasperreports-jtidy-r938.jar:src\Libs\Jasper\javacup.jar:src\Libs\Jasper\javassist-3.4.GA.jar:src\Libs\javax.mail.jar:src\Libs\Jasper\jaxen-1.1.1.jar:src\Libs\jcalendar-1.4.jar:src\Libs\Jasper\jcommon-1.0.15.jar:src\Libs\Jasper\jdt-compiler-3.1.1.jar:src\Libs\Jasper\jfreechart-1.0.12.jar:src\Libs\jmf.jar:src\Libs\jna-4.2.1.jar:src\Libs\Jasper\joda-time-2.1.jar:src\Libs\Jasper\jpa.jar:src\Libs\Jasper\js-hive-datasource-1.0.4.jar:src\Libs\Jasper\js-mongodb-datasource-1.0.0a.jar:src\Libs\Jasper\js_activation-1.1.jar:src\Libs\Jasper\js_axis-1.4patched.jar:src\Libs\Jasper\js_commons-codec-1.3.jar:src\Libs\Jasper\js_commons-discovery-0.2.jar:src\Libs\Jasper\js_commons-httpclient-3.1.jar:src\Libs\Jasper\js_jasperserver-common-ws-4.7.1.jar:src\Libs\Jasper\js_jaxrpc.jar:src\Libs\Jasper\js_mail-1.4.jar:src\Libs\Jasper\js_saaj-api-1.3.jar:src\Libs\Jasper\js_wsdl4j-1.5.1.jar:src\Libs\Jasper\jta.jar:src\Libs\Jasper\jxl-2.6.10.jar:src\Libs\Jasper\libfb303-0.7.0.jar:src\Libs\Jasper\libthrift-0.9.0-snapshot.jar:src\Libs\Jasper\log4j-1.2.15.jar:src\Libs\Logers\log4j-1.2.9 (2).jar:src\Libs\mediaplayer.jar:src\Libs\Jasper\mondrian-3.2.0-13661-JS.jar:src\Libs\Jasper\mongo-java-driver-2.7.3.jar:src\Libs\multiplayer.jar:src\Libs\mysql-connector-java-commercial-5.1.35-bin.jar:src\Libs\Jasper\olap4j-0.9.7.309-JS.jar:src\Libs\Jasper\png-encoder-1.5.jar:src\Libs\Jasper\poi-3.7-20101029.jar:src\Libs\Jasper\poi-ooxml-3.7-20101029.jar:src\Libs\Jasper\poi-ooxml-schemas-3.7-20101029.jar:src\Libs\Jasper\rex-0.8.1.jar:src\Libs\Jasper\rex-20080421.jar:src\Libs\Jasper\rhino-1.7R3.jar:src\Libs\Jasper\servlet-api-2.4.jar:src\Libs\Jasper\slf4j-api-1.5.8.jar:src\Libs\Jasper\slf4j-log4j12-1.5.8.jar:src\Libs\Jasper\spring.jar:src\Libs\Jasper\sqleonardo-2009.03.rc1.jar:src\Libs\Jasper\swingx-2007_10_07.jar:src\Libs\synthetica.jar:src\Libs\syntheticaSimple2D.jar:src\Libs\Jasper\velocity-1.7-dep.jar:src\Libs\vlcj-3.0.1.jar:src\Libs\Jasper\xbean.jar:src\Libs\Jasper\xml-apis-ext.jar:src\Libs\Jasper\xml-apis.jar:C:\Program Files\NetBeans 7.4\ide\modules\ext\mysql-connector-java-5.1.23-bin.jar:C:\Program Files\NetBeans 7.4\java\modules\ext\AbsoluteLayout.jar:C:\Program Files\NetBeans 7.4\java\modules\ext\beansbinding-1.2.1.jar:build/classes:C:\Users\USER\AppData\Roaming\NetBeans\7.4\modules\ext\junit-4.10.jar:build/test/classes" />
    <property name="libs.JAXB-ENDORSED.maven-pom" value="" />
    <property name="libs.JAVADB_DRIVER_LABEL.maven-pom" value="" />
    <property name="build.generated.dir" value="build/generated" />
    <property name="libs.beans-binding.maven-pom" value="" />
    <property name="javac.test.classpath" value="src\Libs\AnimationClass.jar:src\Libs\Jasper\ant-1.7.1.jar:src\Libs\Jasper\antlr-2.7.6.jar:src\Libs\Jasper\asm-attrs.jar:src\Libs\Jasper\asm.jar:src\Libs\Jasper\barbecue-1.5-beta1.jar:src\Libs\Jasper\barcode4j-2.1.jar:src\Libs\Jasper\batik-anim.jar:src\Libs\Jasper\batik-awt-util.jar:src\Libs\Jasper\batik-bridge.jar:src\Libs\Jasper\batik-css.jar:src\Libs\Jasper\batik-dom.jar:src\Libs\Jasper\batik-ext.jar:src\Libs\Jasper\batik-gvt.jar:src\Libs\Jasper\batik-parser.jar:src\Libs\Jasper\batik-script.jar:src\Libs\Jasper\batik-svg-dom.jar:src\Libs\Jasper\batik-svggen.jar:src\Libs\Jasper\batik-util.jar:src\Libs\Jasper\batik-xml.jar:src\Libs\Jasper\bcel-5.2.jar:src\Libs\Jasper\bsh-2.1b5.jar:src\Libs\Jasper\castor-1.2.jar:src\Libs\Jasper\cglib-2.1.jar:src\Libs\Jasper\cincom-jr-xmla.jar:src\Libs\Jasper\commons-beanutils-1.8.2.jar:src\Libs\Jasper\commons-collections-3.2.1.jar:src\Libs\Jasper\commons-dbcp-1.2.2.jar:src\Libs\Jasper\commons-digester-2.1.jar:src\Libs\Jasper\commons-javaflow-20060411.jar:src\Libs\Jasper\commons-logging-1.1.jar:src\Libs\Jasper\commons-math-1.0.jar:src\Libs\Jasper\commons-pool-1.3.jar:src\Libs\Jasper\commons-pool-1.6.jar:src\Libs\Jasper\commons-vfs-1.0.jar:src\Libs\customizer.jar:src\Libs\Jasper\dom4j-1.6.jar:src\Libs\Jasper\ehcache-1.1.jar:src\Libs\Jasper\eigenbase-properties-1.1.0.10924.jar:src\Libs\Jasper\eigenbase-resgen-1.3.0.11873.jar:src\Libs\Jasper\eigenbase-xom-1.3.0.11999.jar:src\Libs\Jasper\ejb3-persistence.jar:src\Libs\Jasper\groovy-all-2.0.1.jar:src\Libs\Jasper\hadoop-core-1.0.1.jar:src\Libs\Jasper\hibernate-annotations.jar:src\Libs\Jasper\hibernate-commons-annotations.jar:src\Libs\Jasper\hibernate3.jar:src\Libs\Jasper\hive-common-0.8.1.jar:src\Libs\Jasper\hive-exec-0.8.1.jar:src\Libs\Jasper\hive-jdbc-0.8.1.jar:src\Libs\Jasper\hive-metastore-0.8.1.jar:src\Libs\Jasper\hive-service-0.8.1.jar:src\Libs\Jasper\hsqldb-1.8.0-10.jar:src\Libs\Jasper\iText-2.1.7.js2.jar:src\Libs\Jasper\iTextAsian.jar:src\Libs\Jasper\jackson-annotations-2.0.5.jar:src\Libs\Jasper\jackson-core-2.0.5.jar:src\Libs\Jasper\jackson-databind-2.0.5.jar:src\Libs\Jasper\jasperreports-5.5.0.jar:src\Libs\Jasper\jasperreports-chart-themes-5.2.0.jar:src\Libs\Jasper\jasperreports-core-renderer.jar:src\Libs\Jasper\jasperreports-extensions-3.5.3.jar:src\Libs\Jasper\jasperreports-fonts-5.5.0.jar:src\Libs\Jasper\jasperreports-functions-5.5.0.jar:src\Libs\Jasper\jasperreports-htmlcomponent-4.7.1.jar:src\Libs\Jasper\jasperreports-htmlcomponent-5.0.1.jar:src\Libs\Jasper\jasperreports-json.jar:src\Libs\Jasper\jasperreports-jtidy-r938.jar:src\Libs\Jasper\javacup.jar:src\Libs\Jasper\javassist-3.4.GA.jar:src\Libs\javax.mail.jar:src\Libs\Jasper\jaxen-1.1.1.jar:src\Libs\jcalendar-1.4.jar:src\Libs\Jasper\jcommon-1.0.15.jar:src\Libs\Jasper\jdt-compiler-3.1.1.jar:src\Libs\Jasper\jfreechart-1.0.12.jar:src\Libs\jmf.jar:src\Libs\jna-4.2.1.jar:src\Libs\Jasper\joda-time-2.1.jar:src\Libs\Jasper\jpa.jar:src\Libs\Jasper\js-hive-datasource-1.0.4.jar:src\Libs\Jasper\js-mongodb-datasource-1.0.0a.jar:src\Libs\Jasper\js_activation-1.1.jar:src\Libs\Jasper\js_axis-1.4patched.jar:src\Libs\Jasper\js_commons-codec-1.3.jar:src\Libs\Jasper\js_commons-discovery-0.2.jar:src\Libs\Jasper\js_commons-httpclient-3.1.jar:src\Libs\Jasper\js_jasperserver-common-ws-4.7.1.jar:src\Libs\Jasper\js_jaxrpc.jar:src\Libs\Jasper\js_mail-1.4.jar:src\Libs\Jasper\js_saaj-api-1.3.jar:src\Libs\Jasper\js_wsdl4j-1.5.1.jar:src\Libs\Jasper\jta.jar:src\Libs\Jasper\jxl-2.6.10.jar:src\Libs\Jasper\libfb303-0.7.0.jar:src\Libs\Jasper\libthrift-0.9.0-snapshot.jar:src\Libs\Jasper\log4j-1.2.15.jar:src\Libs\Logers\log4j-1.2.9 (2).jar:src\Libs\mediaplayer.jar:src\Libs\Jasper\mondrian-3.2.0-13661-JS.jar:src\Libs\Jasper\mongo-java-driver-2.7.3.jar:src\Libs\multiplayer.jar:src\Libs\mysql-connector-java-commercial-5.1.35-bin.jar:src\Libs\Jasper\olap4j-0.9.7.309-JS.jar:src\Libs\Jasper\png-encoder-1.5.jar:src\Libs\Jasper\poi-3.7-20101029.jar:src\Libs\Jasper\poi-ooxml-3.7-20101029.jar:src\Libs\Jasper\poi-ooxml-schemas-3.7-20101029.jar:src\Libs\Jasper\rex-0.8.1.jar:src\Libs\Jasper\rex-20080421.jar:src\Libs\Jasper\rhino-1.7R3.jar:src\Libs\Jasper\servlet-api-2.4.jar:src\Libs\Jasper\slf4j-api-1.5.8.jar:src\Libs\Jasper\slf4j-log4j12-1.5.8.jar:src\Libs\Jasper\spring.jar:src\Libs\Jasper\sqleonardo-2009.03.rc1.jar:src\Libs\Jasper\swingx-2007_10_07.jar:src\Libs\synthetica.jar:src\Libs\syntheticaSimple2D.jar:src\Libs\Jasper\velocity-1.7-dep.jar:src\Libs\vlcj-3.0.1.jar:src\Libs\Jasper\xbean.jar:src\Libs\Jasper\xml-apis-ext.jar:src\Libs\Jasper\xml-apis.jar:C:\Program Files\NetBeans 7.4\ide\modules\ext\mysql-connector-java-5.1.23-bin.jar:C:\Program Files\NetBeans 7.4\java\modules\ext\AbsoluteLayout.jar:C:\Program Files\NetBeans 7.4\java\modules\ext\beansbinding-1.2.1.jar:build/classes:C:\Users\USER\AppData\Roaming\NetBeans\7.4\modules\ext\junit-4.10.jar" />
    <property name="libs.cdc-agui-swing-layout.javadoc" value="" />
    <property name="cldc-hi.bootclasspath" value="cldc_1.0.jar,cldc_1.1.jar,midp_2.0.jar,midp_2.1.jar,jsr75_1.0.jar,jsr082_1.1.jar,jsr120_1.1.jar,jsr135_1.2.jar,jsr172_1.0.jar,jsr177_1.0.jar,jsr179_1.0.jar,jsr180_1.1.jar,jsr184_1.1.jar,jsr205_2.0.jar,jsr211_1.0.jar,jsr226_1.0.jar,jsr229_1.1.jar,jsr234_1.0.jar,jsr238_1.0.jar,jsr239_1.0.jar,jsr253_1.0.jar,jsr256_1.2.jar,jsr257_1.0.jar,jsr258_1.0.jar,jsr280_1.0.jar,jsr281_1.0.jar,jsr290_1.0.jar,jsr293_1.0.jar" />
    <property name="file.reference.joda-time-2.1.jar" value="src\Libs\Jasper\joda-time-2.1.jar" />
    <property name="netbeans.accept_license_class" value="org.netbeans.license.AcceptLicense" />
    <property name="ap.cmd.line.internal" value="" />
    <property name="javac.deprecation" value="false" />
    <property name="libs.swing-layout.src" value="C:\Program Files\NetBeans 7.4\platform\docs\swing-layout-1.0.4-src.zip" />
    <property name="libs.jsf20.classpath" value="C:\Program Files\NetBeans 7.4\enterprise\modules\ext\jsf-2_2\javax.faces.jar" />
    <property name="orientation" value="NORMAL" />
    <property name="java.class.path" value="C:\Users\USER\Desktop\Final\Final Project\Syndicate\src\Libs\AnimationClass.jar;C:\Users\USER\Desktop\Final\Final Project\Syndicate\src\Libs\Jasper\ant-1.7.1.jar;C:\Users\USER\Desktop\Final\Final Project\Syndicate\src\Libs\Jasper\antlr-2.7.6.jar;C:\Users\USER\Desktop\Final\Final Project\Syndicate\src\Libs\Jasper\asm-attrs.jar;C:\Users\USER\Desktop\Final\Final Project\Syndicate\src\Libs\Jasper\asm.jar;C:\Users\USER\Desktop\Final\Final Project\Syndicate\src\Libs\Jasper\barbecue-1.5-beta1.jar;C:\Users\USER\Desktop\Final\Final Project\Syndicate\src\Libs\Jasper\barcode4j-2.1.jar;C:\Users\USER\Desktop\Final\Final Project\Syndicate\src\Libs\Jasper\batik-anim.jar;C:\Users\USER\Desktop\Final\Final Project\Syndicate\src\Libs\Jasper\batik-awt-util.jar;C:\Users\USER\Desktop\Final\Final Project\Syndicate\src\Libs\Jasper\batik-bridge.jar;C:\Users\USER\Desktop\Final\Final Project\Syndicate\src\Libs\Jasper\batik-css.jar;C:\Users\USER\Desktop\Final\Final Project\Syndicate\src\Libs\Jasper\batik-dom.jar;C:\Users\USER\Desktop\Final\Final Project\Syndicate\src\Libs\Jasper\batik-ext.jar;C:\Users\USER\Desktop\Final\Final Project\Syndicate\src\Libs\Jasper\batik-gvt.jar;C:\Users\USER\Desktop\Final\Final Project\Syndicate\src\Libs\Jasper\batik-parser.jar;C:\Users\USER\Desktop\Final\Final Project\Syndicate\src\Libs\Jasper\batik-script.jar;C:\Users\USER\Desktop\Final\Final Project\Syndicate\src\Libs\Jasper\batik-svg-dom.jar;C:\Users\USER\Desktop\Final\Final Project\Syndicate\src\Libs\Jasper\batik-svggen.jar;C:\Users\USER\Desktop\Final\Final Project\Syndicate\src\Libs\Jasper\batik-util.jar;C:\Users\USER\Desktop\Final\Final Project\Syndicate\src\Libs\Jasper\batik-xml.jar;C:\Users\USER\Desktop\Final\Final Project\Syndicate\src\Libs\Jasper\bcel-5.2.jar;C:\Users\USER\Desktop\Final\Final Project\Syndicate\src\Libs\Jasper\bsh-2.1b5.jar;C:\Users\USER\Desktop\Final\Final Project\Syndicate\src\Libs\Jasper\castor-1.2.jar;C:\Users\USER\Desktop\Final\Final Project\Syndicate\src\Libs\Jasper\cglib-2.1.jar;C:\Users\USER\Desktop\Final\Final Project\Syndicate\src\Libs\Jasper\cincom-jr-xmla.jar;C:\Users\USER\Desktop\Final\Final Project\Syndicate\src\Libs\Jasper\commons-beanutils-1.8.2.jar;C:\Users\USER\Desktop\Final\Final Project\Syndicate\src\Libs\Jasper\commons-collections-3.2.1.jar;C:\Users\USER\Desktop\Final\Final Project\Syndicate\src\Libs\Jasper\commons-dbcp-1.2.2.jar;C:\Users\USER\Desktop\Final\Final Project\Syndicate\src\Libs\Jasper\commons-digester-2.1.jar;C:\Users\USER\Desktop\Final\Final Project\Syndicate\src\Libs\Jasper\commons-javaflow-20060411.jar;C:\Users\USER\Desktop\Final\Final Project\Syndicate\src\Libs\Jasper\commons-logging-1.1.jar;C:\Users\USER\Desktop\Final\Final Project\Syndicate\src\Libs\Jasper\commons-math-1.0.jar;C:\Users\USER\Desktop\Final\Final Project\Syndicate\src\Libs\Jasper\commons-pool-1.3.jar;C:\Users\USER\Desktop\Final\Final Project\Syndicate\src\Libs\Jasper\commons-pool-1.6.jar;C:\Users\USER\Desktop\Final\Final Project\Syndicate\src\Libs\Jasper\commons-vfs-1.0.jar;C:\Users\USER\Desktop\Final\Final Project\Syndicate\src\Libs\customizer.jar;C:\Users\USER\Desktop\Final\Final Project\Syndicate\src\Libs\Jasper\dom4j-1.6.jar;C:\Users\USER\Desktop\Final\Final Project\Syndicate\src\Libs\Jasper\ehcache-1.1.jar;C:\Users\USER\Desktop\Final\Final Project\Syndicate\src\Libs\Jasper\eigenbase-properties-1.1.0.10924.jar;C:\Users\USER\Desktop\Final\Final Project\Syndicate\src\Libs\Jasper\eigenbase-resgen-1.3.0.11873.jar;C:\Users\USER\Desktop\Final\Final Project\Syndicate\src\Libs\Jasper\eigenbase-xom-1.3.0.11999.jar;C:\Users\USER\Desktop\Final\Final Project\Syndicate\src\Libs\Jasper\ejb3-persistence.jar;C:\Users\USER\Desktop\Final\Final Project\Syndicate\src\Libs\Jasper\groovy-all-2.0.1.jar;C:\Users\USER\Desktop\Final\Final Project\Syndicate\src\Libs\Jasper\hadoop-core-1.0.1.jar;C:\Users\USER\Desktop\Final\Final Project\Syndicate\src\Libs\Jasper\hibernate-annotations.jar;C:\Users\USER\Desktop\Final\Final Project\Syndicate\src\Libs\Jasper\hibernate-commons-annotations.jar;C:\Users\USER\Desktop\Final\Final Project\Syndicate\src\Libs\Jasper\hibernate3.jar;C:\Users\USER\Desktop\Final\Final Project\Syndicate\src\Libs\Jasper\hive-common-0.8.1.jar;C:\Users\USER\Desktop\Final\Final Project\Syndicate\src\Libs\Jasper\hive-exec-0.8.1.jar;C:\Users\USER\Desktop\Final\Final Project\Syndicate\src\Libs\Jasper\hive-jdbc-0.8.1.jar;C:\Users\USER\Desktop\Final\Final Project\Syndicate\src\Libs\Jasper\hive-metastore-0.8.1.jar;C:\Users\USER\Desktop\Final\Final Project\Syndicate\src\Libs\Jasper\hive-service-0.8.1.jar;C:\Users\USER\Desktop\Final\Final Project\Syndicate\src\Libs\Jasper\hsqldb-1.8.0-10.jar;C:\Users\USER\Desktop\Final\Final Project\Syndicate\src\Libs\Jasper\iText-2.1.7.js2.jar;C:\Users\USER\Desktop\Final\Final Project\Syndicate\src\Libs\Jasper\iTextAsian.jar;C:\Users\USER\Desktop\Final\Final Project\Syndicate\src\Libs\Jasper\jackson-annotations-2.0.5.jar;C:\Users\USER\Desktop\Final\Final Project\Syndicate\src\Libs\Jasper\jackson-core-2.0.5.jar;C:\Users\USER\Desktop\Final\Final Project\Syndicate\src\Libs\Jasper\jackson-databind-2.0.5.jar;C:\Users\USER\Desktop\Final\Final Project\Syndicate\src\Libs\Jasper\jasperreports-5.5.0.jar;C:\Users\USER\Desktop\Final\Final Project\Syndicate\src\Libs\Jasper\jasperreports-chart-themes-5.2.0.jar;C:\Users\USER\Desktop\Final\Final Project\Syndicate\src\Libs\Jasper\jasperreports-core-renderer.jar;C:\Users\USER\Desktop\Final\Final Project\Syndicate\src\Libs\Jasper\jasperreports-extensions-3.5.3.jar;C:\Users\USER\Desktop\Final\Final Project\Syndicate\src\Libs\Jasper\jasperreports-fonts-5.5.0.jar;C:\Users\USER\Desktop\Final\Final Project\Syndicate\src\Libs\Jasper\jasperreports-functions-5.5.0.jar;C:\Users\USER\Desktop\Final\Final Project\Syndicate\src\Libs\Jasper\jasperreports-htmlcomponent-4.7.1.jar;C:\Users\USER\Desktop\Final\Final Project\Syndicate\src\Libs\Jasper\jasperreports-htmlcomponent-5.0.1.jar;C:\Users\USER\Desktop\Final\Final Project\Syndicate\src\Libs\Jasper\jasperreports-json.jar;C:\Users\USER\Desktop\Final\Final Project\Syndicate\src\Libs\Jasper\jasperreports-jtidy-r938.jar;C:\Users\USER\Desktop\Final\Final Project\Syndicate\src\Libs\Jasper\javacup.jar;C:\Users\USER\Desktop\Final\Final Project\Syndicate\src\Libs\Jasper\javassist-3.4.GA.jar;C:\Users\USER\Desktop\Final\Final Project\Syndicate\src\Libs\javax.mail.jar;C:\Users\USER\Desktop\Final\Final Project\Syndicate\src\Libs\Jasper\jaxen-1.1.1.jar;C:\Users\USER\Desktop\Final\Final Project\Syndicate\src\Libs\jcalendar-1.4.jar;C:\Users\USER\Desktop\Final\Final Project\Syndicate\src\Libs\Jasper\jcommon-1.0.15.jar;C:\Users\USER\Desktop\Final\Final Project\Syndicate\src\Libs\Jasper\jdt-compiler-3.1.1.jar;C:\Users\USER\Desktop\Final\Final Project\Syndicate\src\Libs\Jasper\jfreechart-1.0.12.jar;C:\Users\USER\Desktop\Final\Final Project\Syndicate\src\Libs\jmf.jar;C:\Users\USER\Desktop\Final\Final Project\Syndicate\src\Libs\jna-4.2.1.jar;C:\Users\USER\Desktop\Final\Final Project\Syndicate\src\Libs\Jasper\joda-time-2.1.jar;C:\Users\USER\Desktop\Final\Final Project\Syndicate\src\Libs\Jasper\jpa.jar;C:\Users\USER\Desktop\Final\Final Project\Syndicate\src\Libs\Jasper\js-hive-datasource-1.0.4.jar;C:\Users\USER\Desktop\Final\Final Project\Syndicate\src\Libs\Jasper\js-mongodb-datasource-1.0.0a.jar;C:\Users\USER\Desktop\Final\Final Project\Syndicate\src\Libs\Jasper\js_activation-1.1.jar;C:\Users\USER\Desktop\Final\Final Project\Syndicate\src\Libs\Jasper\js_axis-1.4patched.jar;C:\Users\USER\Desktop\Final\Final Project\Syndicate\src\Libs\Jasper\js_commons-codec-1.3.jar;C:\Users\USER\Desktop\Final\Final Project\Syndicate\src\Libs\Jasper\js_commons-discovery-0.2.jar;C:\Users\USER\Desktop\Final\Final Project\Syndicate\src\Libs\Jasper\js_commons-httpclient-3.1.jar;C:\Users\USER\Desktop\Final\Final Project\Syndicate\src\Libs\Jasper\js_jasperserver-common-ws-4.7.1.jar;C:\Users\USER\Desktop\Final\Final Project\Syndicate\src\Libs\Jasper\js_jaxrpc.jar;C:\Users\USER\Desktop\Final\Final Project\Syndicate\src\Libs\Jasper\js_mail-1.4.jar;C:\Users\USER\Desktop\Final\Final Project\Syndicate\src\Libs\Jasper\js_saaj-api-1.3.jar;C:\Users\USER\Desktop\Final\Final Project\Syndicate\src\Libs\Jasper\js_wsdl4j-1.5.1.jar;C:\Users\USER\Desktop\Final\Final Project\Syndicate\src\Libs\Jasper\jta.jar;C:\Users\USER\Desktop\Final\Final Project\Syndicate\src\Libs\Jasper\jxl-2.6.10.jar;C:\Users\USER\Desktop\Final\Final Project\Syndicate\src\Libs\Jasper\libfb303-0.7.0.jar;C:\Users\USER\Desktop\Final\Final Project\Syndicate\src\Libs\Jasper\libthrift-0.9.0-snapshot.jar;C:\Users\USER\Desktop\Final\Final Project\Syndicate\src\Libs\Jasper\log4j-1.2.15.jar;C:\Users\USER\Desktop\Final\Final Project\Syndicate\src\Libs\Logers\log4j-1.2.9 (2).jar;C:\Users\USER\Desktop\Final\Final Project\Syndicate\src\Libs\mediaplayer.jar;C:\Users\USER\Desktop\Final\Final Project\Syndicate\src\Libs\Jasper\mondrian-3.2.0-13661-JS.jar;C:\Users\USER\Desktop\Final\Final Project\Syndicate\src\Libs\Jasper\mongo-java-driver-2.7.3.jar;C:\Users\USER\Desktop\Final\Final Project\Syndicate\src\Libs\multiplayer.jar;C:\Users\USER\Desktop\Final\Final Project\Syndicate\src\Libs\mysql-connector-java-commercial-5.1.35-bin.jar;C:\Users\USER\Desktop\Final\Final Project\Syndicate\src\Libs\Jasper\olap4j-0.9.7.309-JS.jar;C:\Users\USER\Desktop\Final\Final Project\Syndicate\src\Libs\Jasper\png-encoder-1.5.jar;C:\Users\USER\Desktop\Final\Final Project\Syndicate\src\Libs\Jasper\poi-3.7-20101029.jar;C:\Users\USER\Desktop\Final\Final Project\Syndicate\src\Libs\Jasper\poi-ooxml-3.7-20101029.jar;C:\Users\USER\Desktop\Final\Final Project\Syndicate\src\Libs\Jasper\poi-ooxml-schemas-3.7-20101029.jar;C:\Users\USER\Desktop\Final\Final Project\Syndicate\src\Libs\Jasper\rex-0.8.1.jar;C:\Users\USER\Desktop\Final\Final Project\Syndicate\src\Libs\Jasper\rex-20080421.jar;C:\Users\USER\Desktop\Final\Final Project\Syndicate\src\Libs\Jasper\rhino-1.7R3.jar;C:\Users\USER\Desktop\Final\Final Project\Syndicate\src\Libs\Jasper\servlet-api-2.4.jar;C:\Users\USER\Desktop\Final\Final Project\Syndicate\src\Libs\Jasper\slf4j-api-1.5.8.jar;C:\Users\USER\Desktop\Final\Final Project\Syndicate\src\Libs\Jasper\slf4j-log4j12-1.5.8.jar;C:\Users\USER\Desktop\Final\Final Project\Syndicate\src\Libs\Jasper\spring.jar;C:\Users\USER\Desktop\Final\Final Project\Syndicate\src\Libs\Jasper\sqleonardo-2009.03.rc1.jar;C:\Users\USER\Desktop\Final\Final Project\Syndicate\src\Libs\Jasper\swingx-2007_10_07.jar;C:\Users\USER\Desktop\Final\Final Project\Syndicate\src\Libs\synthetica.jar;C:\Users\USER\Desktop\Final\Final Project\Syndicate\src\Libs\syntheticaSimple2D.jar;C:\Users\USER\Desktop\Final\Final Project\Syndicate\src\Libs\Jasper\velocity-1.7-dep.jar;C:\Users\USER\Desktop\Final\Final Project\Syndicate\src\Libs\vlcj-3.0.1.jar;C:\Users\USER\Desktop\Final\Final Project\Syndicate\src\Libs\Jasper\xbean.jar;C:\Users\USER\Desktop\Final\Final Project\Syndicate\src\Libs\Jasper\xml-apis-ext.jar;C:\Users\USER\Desktop\Final\Final Project\Syndicate\src\Libs\Jasper\xml-apis.jar;C:\Program Files\NetBeans 7.4\ide\modules\ext\mysql-connector-java-5.1.23-bin.jar;C:\Program Files\NetBeans 7.4\java\modules\ext\AbsoluteLayout.jar;C:\Program Files\NetBeans 7.4\java\modules\ext\beansbinding-1.2.1.jar;C:\Users\USER\Desktop\Final\Final Project\Syndicate\build\classes;C:\Users\USER\AppData\Roaming\NetBeans\7.4\modules\ext\junit-4.10.jar;C:\Users\USER\Desktop\Final\Final Project\Syndicate\build\test\classes;C:\Program Files\NetBeans 7.4\extide\ant\lib\ant-launcher.jar;C:\Program Files\NetBeans 7.4\extide\ant\lib\ant.jar;C:\Program Files\NetBeans 7.4\extide\ant\lib\ant-junit.jar;C:\Program Files\NetBeans 7.4\extide\ant\lib\ant-junit4.jar" />
    <property name="platforms.Oracle_Java_TM__Platform_Micro_Edition_SDK_3_4.runcommandline" value="" />
    <property name="libs.jaxws21.javadoc" value="C:\Program Files\NetBeans 7.4\java\docs\jaxws-api-doc.zip" />
    <property name="deployment.SonnyEricsson.scriptfile" value="C:\Program Files\NetBeans 7.4\mobility\modules\scr\deploy-sonyericsson-impl.xml" />
    <property name="libs.MySQLDriver.src" value="" />
    <property name="libs.MySQLDriver.classpath" value="C:\Program Files\NetBeans 7.4\ide\modules\ext\mysql-connector-java-5.1.23-bin.jar" />
    <property name="ant.java.version" value="1.7" />
    <property name="sun.desktop" value="windows" />
    <property name="annotation.processing.processor.options" value="" />
    <property name="libs.nokiadeployment.classpath" value="C:\Program Files\NetBeans 7.4\mobility\modules\org-netbeans-modules-mobility-deployment-nokia.jar" />
    <property name="java.specification.version" value="1.7" />
    <property name="libs.spring-webmvc.classpath" value="C:\Program Files\NetBeans 7.4\enterprise\modules\ext\spring\spring-webmvc-2.5.6.SEC03.jar" />
    <property name="full.bootclasspath" value="cldc_1.1.jar,midp_2.1.jar,jsr75_1.0.jar,jsr082_1.1.jar,jsr135_1.2.jar,jsr172_1.0.jar,jsr177_1.0.jar,jsr179_1.0.jar,jsr184_1.1.jar,jsr205_2.0.jar,jsr211_1.0.jar,jsr226_1.0.jar,jsr234_1.0.jar,jsr239_1.0.jar,jsr256_1.2.jar,jsr257_1.0.jar,jsr280_1.0.jar" />
    <property name="annotation.processing.enabled.in.editor" value="false" />
    <property name="libs.eclipselink.src" value="" />
    <property name="sun.boot.library.path" value="C:\Program Files\Java\jdk1.7.0_51\jre\bin" />
    <property name="javadoc.encoding" value="UTF-8" />
    <property name="toolkit.home" value="C:/Java_ME_platform_SDK_3.4" />
    <property name="file.reference.multiplayer.jar" value="src\Libs\multiplayer.jar" />
    <property name="javac.compilerargs" value="" />
    <property name="libs.javaee-web-api-6.0.classpath" value="C:\Program Files\NetBeans 7.4\enterprise\modules\ext\javaee-web-api-6.0.jar" />
    <property name="cdc-hi.bootclasspath" value="cdc_1.1.jar,fp_1.1.jar,pbp_1.1.jar,secop_1.0.jar,agui_1.0.jar" />
    <property name="netbeans.autoupdate.country" value="US" />
    <property name="libs.jstl.javadoc" value="C:\Program Files\NetBeans 7.4\enterprise\docs\javaee-doc-api.jar" />
    <property name="libs.jpa20-persistence.maven-pom" value="" />
    <property name="libs.hibernate-support.classpath" value="C:\Program Files\NetBeans 7.4\java\modules\ext\hibernate\dom4j-1.6.1.jar;C:\Program Files\NetBeans 7.4\java\modules\ext\hibernate\antlr-2.7.6.jar;C:\Program Files\NetBeans 7.4\java\modules\ext\hibernate\cglib-2.2.jar;C:\Program Files\NetBeans 7.4\java\modules\ext\hibernate\commons-collections-3.1.jar;C:\Program Files\NetBeans 7.4\java\modules\ext\hibernate\jta-1.1.jar;C:\Program Files\NetBeans 7.4\java\modules\ext\hibernate\hibernate-core-3.6.10.Final.jar;C:\Program Files\NetBeans 7.4\java\modules\ext\hibernate\hibernate-commons-annotations-3.2.0.Final.jar;C:\Program Files\NetBeans 7.4\java\modules\ext\hibernate\hibernate-entitymanager-3.6.10.Final.jar;C:\Program Files\NetBeans 7.4\java\modules\ext\hibernate\hibernate-tools-3.6.0.CR1.jar;C:\Program Files\NetBeans 7.4\java\modules\ext\hibernate\javassist-3.12.0.GA.jar;C:\Program Files\NetBeans 7.4\java\modules\ext\hibernate\c3p0-0.9.1.jar;C:\Program Files\NetBeans 7.4\java\modules\ext\hibernate\oscache-2.1.jar;C:\Program Files\NetBeans 7.4\java\modules\ext\hibernate\slf4j-api-1.6.1.jar;C:\Program Files\NetBeans 7.4\java\modules\ext\hibernate\slf4j-simple-1.6.1.jar" />
    <property name="file.reference.javax.mail.jar" value="src\Libs\javax.mail.jar" />
    <property name="http.nonProxyHosts" value="localhost|127.0.0.1|Randika" />
    <property name="java.specification.vendor" value="Oracle Corporation" />
    <property name="work.dir.mesdk" value="work" />
    <property name="platforms.Oracle_Java_TM__Platform_Micro_Edition_SDK_3_4.type" value="UEI-1.0.1" />
    <property name="javadoc.private" value="false" />
    <property name="cldc-hi-omda.bootclasspath" value="cldc_1.1.jar,midp_2.1.jar,jsr75_1.0.jar,jsr135_1.2.jar,jsr177_1.0.jar,jsr179_1.0.jar,jsr184_1.1.jar,jsr205_2.0.jar,jsr211_1.0.jar,jsr226_1.0.jar,jsr234_1.0.jar,jsr256_1.2.jar,omda_1.0.jar" />
    <property name="deployments.Scp.default.deployment.scp.password" value="" />
    <property name="user.name" value="USER" />
    <property name="libs.javaee-endorsed-api-6.0.src" value="" />
    <property name="build.compiler.emacs" value="true" />
    <property name="libs.nokiadeployment.javadoc" value="" />
    <property name="file.reference.jackson-core-2.0.5.jar" value="src\Libs\Jasper\jackson-core-2.0.5.jar" />
    <property name="do.mkdist" value="true" />
    <property name="libs.DataBindingME-PIM.maven-pom" value="" />
    <property name="libs.javaee-web-api-7.0.classpath" value="C:\Program Files\NetBeans 7.4\enterprise\modules\ext\javaee-web-api-7.0.jar" />
    <property name="build.classes.dir" value="build/classes" />
    <property name="libs.JMUnit4CLDC11.javadoc" value="C:\Program Files\NetBeans 7.4\mobility\modules\docs\jmunit-1.2.1-api.zip" />
    <property name="deployments.DeviceAnywhere.default.deployment.deviceanywhere.password" value="" />
    <property name="deployment.Scp.scriptfile" value="C:\Program Files\NetBeans 7.4\mobility\modules\scr\deploy-scp-impl.xml" />
    <property name="libs.JMUnit4CLDC11.maven-pom" value="" />
    <property name="deployments.Ftp.default.deployment.ftp.passive" value="false" />
    <property name="file.reference.jaxen-1.1.1.jar" value="src\Libs\Jasper\jaxen-1.1.1.jar" />
    <property name="libs.cdc-agui-swing-layout.classpath" value="C:\Program Files\NetBeans 7.4\mobility\modules\ext\cdc-agui-swing-layout.jar" />
    <property name="libs.DataBindingME-SVG.maven-pom" value="" />
    <property name="deployments.Ftp.default.deployment.ftp.password" value="" />
    <property name="ant.core.lib" value="C:\Program Files\NetBeans 7.4\extide\ant\lib\ant.jar" />
    <property name="java.endorsed.dirs" value="C:\Program Files\Java\jdk1.7.0_51\jre\lib\endorsed" />
    <property name="libs.jsp-compilation-syscp.maven-pom" value="" />
    <property name="file.reference.commons-vfs-1.0.jar" value="src\Libs\Jasper\commons-vfs-1.0.jar" />
    <property name="libs.beans-binding.src" value="" />
    <property name="deployments.DeviceAnywhere.default.deployment.deviceanywhere.userid" value="" />
    <property name="javadoc.nonavbar" value="false" />
    <property name="file.reference.mondrian-3.2.0-13661-JS.jar" value="src\Libs\Jasper\mondrian-3.2.0-13661-JS.jar" />
    <property name="file.reference.mongo-java-driver-2.7.3.jar" value="src\Libs\Jasper\mongo-java-driver-2.7.3.jar" />
    <property name="libs.nb_svg_midp_components.src" value="C:\Users\USER\AppData\Roaming\NetBeans\7.4\sources\nb_svg_midp_components-src.zip" />
    <property name="file.reference.AnimationClass.jar" value="src\Libs\AnimationClass.jar" />
    <property name="libs.Comet-GlassFish-v3.maven-pom" value="" />
    <property name="file.reference.batik-svggen.jar" value="src\Libs\Jasper\batik-svggen.jar" />
    <property name="libs.jaxws21.src" value="" />
    <property name="deployments.NokiaDeployment.default.deployment.nokia.selecteddevices" value="" />
    <property name="deployments.Ftp.default.deployment.ftp.userid" value="" />
    <property name="libs.Java-EE-GlassFish-v3-Prelude.maven-pom" value="" />
    <property name="java.util.logging.config.class" value="org.netbeans.core.startup.TopLogging" />
    <property name="file.reference.commons-pool-1.3.jar" value="src\Libs\Jasper\commons-pool-1.3.jar" />
    <property name="libs.eclipselinkmodelgen.javadoc" value="" />
    <property name="file.reference.commons-digester-2.1.jar" value="src\Libs\Jasper\commons-digester-2.1.jar" />
    <property name="uei-proxy.default-device" value="JavaMEPhone1" />
    <property name="file.reference.groovy-all-2.0.1.jar" value="src\Libs\Jasper\groovy-all-2.0.1.jar" />
    <property name="libs.metro.src" value="" />
    <property name="impng.bootclasspath" value="cldc_1.1.jar,impng_1.0.jar,jsr75_1.0.jar,jsr120_1.1.jar,jsr172_1.0.jar,jsr177_1.0.jar,jsr179_1.0.jar,jsr280_1.0.jar,deviceaccess_1.0.jar,logging_1.0.jar,ams_1.0.jar,omda_ap_1.0.jar" />
    <property name="libs.nokiaS80-ant-utils.maven-pom" value="" />
    <property name="libs.javaee-api-7.0.src" value="" />
    <property name="php.global.include.path" value="" />
    <property name="libs.jsf12.maven-pom" value="" />
    <property name="libs.JMUnit4CLDC10.classpath" value="C:\Program Files\NetBeans 7.4\mobility\modules\ext\jmunit4cldc10-1.2.1.jar" />
    <property name="java.io.tmpdir" value="C:\Users\USER\AppData\Local\Temp\" />
    <property name="file.reference.poi-ooxml-schemas-3.7-20101029.jar" value="src\Libs\Jasper\poi-ooxml-schemas-3.7-20101029.jar" />
    <property name="libs.NetBeans MIDP Components.src" value="C:\Users\USER\AppData\Roaming\NetBeans\7.4\sources\netbeans_midp_components_basic-src.zip" />
    <property name="file.reference.hive-jdbc-0.8.1.jar" value="src\Libs\Jasper\hive-jdbc-0.8.1.jar" />
    <property name="user.language" value="en" />
    <property name="ant.version" value="Apache Ant(TM) version 1.9.1 compiled on May 15 2013" />
    <property name="file.reference.log4j-1.2.9__2_.jar" value="src\Libs\Logers\log4j-1.2.9 (2).jar" />
    <property name="libs.NetBeans MIDP Components PDA.classpath" value="C:\Users\USER\AppData\Roaming\NetBeans\7.4\modules\ext\netbeans_midp_components_pda.jar" />
    <property name="file.reference.batik-xml.jar" value="src\Libs\Jasper\batik-xml.jar" />
    <property name="application.data.dir" value="." />
    <property name="user.properties.file" value="C:\Users\USER\AppData\Roaming\NetBeans\7.4\build.properties" />
    <property name="product.shortname" value="Oracle Java(TM) ME SDK 3.4" />
    <property name="netbeans.dirs" value="C:\Program Files\NetBeans 7.4\nb;C:\Program Files\NetBeans 7.4\ergonomics;C:\Program Files\NetBeans 7.4\ide;C:\Program Files\NetBeans 7.4\extide;C:\Program Files\NetBeans 7.4\java;C:\Program Files\NetBeans 7.4\apisupport;C:\Program Files\NetBeans 7.4\webcommon;C:\Program Files\NetBeans 7.4\websvccommon;C:\Program Files\NetBeans 7.4\enterprise;C:\Program Files\NetBeans 7.4\mobility;C:\Program Files\NetBeans 7.4\profiler;C:\Program Files\NetBeans 7.4\python;C:\Program Files\NetBeans 7.4\php;C:\Program Files\NetBeans 7.4\identity;C:\Program Files\NetBeans 7.4\harness;C:\Program Files\NetBeans 7.4\cnd;C:\Program Files\NetBeans 7.4\dlight;C:\Program Files\NetBeans 7.4\groovy;C:\Program Files\NetBeans 7.4\extra;C:\Program Files\NetBeans 7.4\javacard;C:\Program Files\NetBeans 7.4\javafx" />
    <property name="deployment.DeviceAnywhere.scriptfile" value="C:\Program Files\NetBeans 7.4\mobility\modules\scr\deploy-deviceanywhere-impl.xml" />
    <property name="netbeans.productversion" value="NetBeans IDE 7.4 (Build 201310111528)" />
    <property name="file.reference.log4j-1.2.15.jar" value="src\Libs\Jasper\log4j-1.2.15.jar" />
    <property name="libs.JAXB-ENDORSED.src" value="" />
    <property name="file.reference.batik-css.jar" value="src\Libs\Jasper\batik-css.jar" />
    <property name="junit.available" value="true" />
    <property name="libs.jsp-compiler.classpath" value="C:\Program Files\NetBeans 7.4\enterprise\ant\extra\jspcompile.jar" />
    <property name="file.reference.customizer.jar" value="src\Libs\customizer.jar" />
    <property name="file.reference.js_saaj-api-1.3.jar" value="src\Libs\Jasper\js_saaj-api-1.3.jar" />
    <property name="swing.appname.parameter" value="-Dapp.name" />
    <property name="deployments.Scp.default.deployment.scp.keyfile" value="" />
    <property name="libs.DataBindingME.javadoc" value="C:\Users\USER\AppData\Roaming\NetBeans\7.4\modules\docs\netbeans_databindingme-api.zip" />
    <property name="libs.NetBeans MIDP Components.classpath" value="C:\Users\USER\AppData\Roaming\NetBeans\7.4\modules\ext\netbeans_midp_components_basic.jar" />
    <property name="libs.NetBeans MIDP Components PDA.src" value="C:\Users\USER\AppData\Roaming\NetBeans\7.4\sources\netbeans_midp_components_pda-src.zip" />
    <property name="libs.jaxws21.maven-pom" value="" />
    <property name="libs.CopyLibs.maven-pom" value="" />
    <property name="libs.ejb3-persistence.classpath" value="C:\Program Files\NetBeans 7.4\java\modules\ext\hibernate\hibernate-jpa-2.0-api-1.0.1.Final.jar" />
    <property name="libs.javaee-web-api-6.0.javadoc" value="C:\Program Files\NetBeans 7.4\enterprise\docs\javaee-doc-api.jar" />
    <property name="libs.jakarta_slide_ant_webdav.classpath" value="C:\Program Files\NetBeans 7.4\mobility\modules\ext\commons-httpclient-3.0.1.jar;C:\Program Files\NetBeans 7.4\ide\modules\org-apache-commons-logging.jar;C:\Program Files\NetBeans 7.4\mobility\modules\ext\jdom-1.0.jar;C:\Program Files\NetBeans 7.4\mobility\modules\ext\jakarta-slide-webdavlib-2.1.jar;C:\Program Files\NetBeans 7.4\mobility\modules\ext\jakarta-slide-ant-webdav-2.1.jar" />
    <property name="libs.ant-contrib.javadoc" value="" />
    <property name="libs.semc-ant-utils.maven-pom" value="" />
    <property name="libs.restapi.maven-pom" value="" />
    <property name="file.reference.libfb303-0.7.0.jar" value="src\Libs\Jasper\libfb303-0.7.0.jar" />
    <property name="java.runtime.name" value="Java(TM) SE Runtime Environment" />
    <property name="libs.spring-framework.javadoc" value="" />
    <property name="cldc-hi-omda.apis" value="cldc_1.0.jar,cldc_1.1.jar,midp_2.0.jar,midp_2.1.jar,jsr75_1.0.jar,jsr120_1.1.jar,jsr135_1.2.jar,jsr177_1.0.jar,jsr179_1.0.jar,jsr184_1.1.jar,jsr205_2.0.jar,jsr211_1.0.jar,jsr226_1.0.jar,jsr234_1.0.jar,jsr256_1.2.jar,omda_1.0.jar" />
    <property name="deployments.WebDAV.default.deployment.webdav.userid" value="" />
    <property name="libs.hibernate-persistence.javadoc" value="" />
    <property name="libs.jakarta_slide_ant_webdav.javadoc" value="" />
    <property name="file.reference.commons-pool-1.6.jar" value="src\Libs\Jasper\commons-pool-1.6.jar" />
    <property name="libs.cdc-agui-swing-layout.src" value="C:\Program Files\NetBeans 7.4\mobility\sources\cdc-agui-swing-layout-src.zip" />
    <property name="libs.DataBindingME.src" value="C:\Users\USER\AppData\Roaming\NetBeans\7.4\sources\netbeans_databindingme-src.zip" />
    <property name="org.openide.major.version" value="IDE/1" />
    <property name="libs.DataBindingME-SVG.src" value="C:\Users\USER\AppData\Roaming\NetBeans\7.4\sources\netbeans_databindingme_svg-src.zip" />
    <property name="deployments.Ftp.default.deployment.ftp.server" value="" />
    <property name="libs.eclipselinkmodelgen.classpath" value="C:\Program Files\NetBeans 7.4\java\modules\ext\eclipselink\org.eclipse.persistence.jpa.modelgen_2.5.0.v20130507-3faac2b.jar" />
    <property name="deployment.Copy.scriptfile" value="C:\Program Files\NetBeans 7.4\mobility\modules\scr\deploy-copy-impl.xml" />
    <property name="build.test.classes.dir" value="build/test/classes" />
    <property name="libs.restlib.javadoc" value="" />
    <property name="sun.java2d.dpiaware" value="true" />
    <property name="file.reference.jta.jar" value="src\Libs\Jasper\jta.jar" />
    <property name="libs.sjmc-ant-utils.maven-pom" value="" />
    <property name="libs.primefaces.src" value="" />
    <property name="ant.file.type.Syndicate-impl" value="file" />
    <property name="debug-transport-by-os" value="dt_shmem" />
    <property name="cldc-hi-sim.apis" value="cldc_1.0.jar,cldc_1.1.jar,midp_2.0.jar,midp_2.1.jar,jsr75_1.0.jar,jsr120_1.1.jar,jsr135_1.2.jar,jsr177_1.0.jar,jsr211_1.0.jar" />
    <property name="user.script" value="" />
    <property name="jsr120.sms.recommended.size" value="480" />
    <property name="libs.jsf20.javadoc" value="C:\Program Files\NetBeans 7.4\enterprise\docs\javaee-doc-api.jar" />
    <property name="run.test.classpath" value="src\Libs\AnimationClass.jar:src\Libs\Jasper\ant-1.7.1.jar:src\Libs\Jasper\antlr-2.7.6.jar:src\Libs\Jasper\asm-attrs.jar:src\Libs\Jasper\asm.jar:src\Libs\Jasper\barbecue-1.5-beta1.jar:src\Libs\Jasper\barcode4j-2.1.jar:src\Libs\Jasper\batik-anim.jar:src\Libs\Jasper\batik-awt-util.jar:src\Libs\Jasper\batik-bridge.jar:src\Libs\Jasper\batik-css.jar:src\Libs\Jasper\batik-dom.jar:src\Libs\Jasper\batik-ext.jar:src\Libs\Jasper\batik-gvt.jar:src\Libs\Jasper\batik-parser.jar:src\Libs\Jasper\batik-script.jar:src\Libs\Jasper\batik-svg-dom.jar:src\Libs\Jasper\batik-svggen.jar:src\Libs\Jasper\batik-util.jar:src\Libs\Jasper\batik-xml.jar:src\Libs\Jasper\bcel-5.2.jar:src\Libs\Jasper\bsh-2.1b5.jar:src\Libs\Jasper\castor-1.2.jar:src\Libs\Jasper\cglib-2.1.jar:src\Libs\Jasper\cincom-jr-xmla.jar:src\Libs\Jasper\commons-beanutils-1.8.2.jar:src\Libs\Jasper\commons-collections-3.2.1.jar:src\Libs\Jasper\commons-dbcp-1.2.2.jar:src\Libs\Jasper\commons-digester-2.1.jar:src\Libs\Jasper\commons-javaflow-20060411.jar:src\Libs\Jasper\commons-logging-1.1.jar:src\Libs\Jasper\commons-math-1.0.jar:src\Libs\Jasper\commons-pool-1.3.jar:src\Libs\Jasper\commons-pool-1.6.jar:src\Libs\Jasper\commons-vfs-1.0.jar:src\Libs\customizer.jar:src\Libs\Jasper\dom4j-1.6.jar:src\Libs\Jasper\ehcache-1.1.jar:src\Libs\Jasper\eigenbase-properties-1.1.0.10924.jar:src\Libs\Jasper\eigenbase-resgen-1.3.0.11873.jar:src\Libs\Jasper\eigenbase-xom-1.3.0.11999.jar:src\Libs\Jasper\ejb3-persistence.jar:src\Libs\Jasper\groovy-all-2.0.1.jar:src\Libs\Jasper\hadoop-core-1.0.1.jar:src\Libs\Jasper\hibernate-annotations.jar:src\Libs\Jasper\hibernate-commons-annotations.jar:src\Libs\Jasper\hibernate3.jar:src\Libs\Jasper\hive-common-0.8.1.jar:src\Libs\Jasper\hive-exec-0.8.1.jar:src\Libs\Jasper\hive-jdbc-0.8.1.jar:src\Libs\Jasper\hive-metastore-0.8.1.jar:src\Libs\Jasper\hive-service-0.8.1.jar:src\Libs\Jasper\hsqldb-1.8.0-10.jar:src\Libs\Jasper\iText-2.1.7.js2.jar:src\Libs\Jasper\iTextAsian.jar:src\Libs\Jasper\jackson-annotations-2.0.5.jar:src\Libs\Jasper\jackson-core-2.0.5.jar:src\Libs\Jasper\jackson-databind-2.0.5.jar:src\Libs\Jasper\jasperreports-5.5.0.jar:src\Libs\Jasper\jasperreports-chart-themes-5.2.0.jar:src\Libs\Jasper\jasperreports-core-renderer.jar:src\Libs\Jasper\jasperreports-extensions-3.5.3.jar:src\Libs\Jasper\jasperreports-fonts-5.5.0.jar:src\Libs\Jasper\jasperreports-functions-5.5.0.jar:src\Libs\Jasper\jasperreports-htmlcomponent-4.7.1.jar:src\Libs\Jasper\jasperreports-htmlcomponent-5.0.1.jar:src\Libs\Jasper\jasperreports-json.jar:src\Libs\Jasper\jasperreports-jtidy-r938.jar:src\Libs\Jasper\javacup.jar:src\Libs\Jasper\javassist-3.4.GA.jar:src\Libs\javax.mail.jar:src\Libs\Jasper\jaxen-1.1.1.jar:src\Libs\jcalendar-1.4.jar:src\Libs\Jasper\jcommon-1.0.15.jar:src\Libs\Jasper\jdt-compiler-3.1.1.jar:src\Libs\Jasper\jfreechart-1.0.12.jar:src\Libs\jmf.jar:src\Libs\jna-4.2.1.jar:src\Libs\Jasper\joda-time-2.1.jar:src\Libs\Jasper\jpa.jar:src\Libs\Jasper\js-hive-datasource-1.0.4.jar:src\Libs\Jasper\js-mongodb-datasource-1.0.0a.jar:src\Libs\Jasper\js_activation-1.1.jar:src\Libs\Jasper\js_axis-1.4patched.jar:src\Libs\Jasper\js_commons-codec-1.3.jar:src\Libs\Jasper\js_commons-discovery-0.2.jar:src\Libs\Jasper\js_commons-httpclient-3.1.jar:src\Libs\Jasper\js_jasperserver-common-ws-4.7.1.jar:src\Libs\Jasper\js_jaxrpc.jar:src\Libs\Jasper\js_mail-1.4.jar:src\Libs\Jasper\js_saaj-api-1.3.jar:src\Libs\Jasper\js_wsdl4j-1.5.1.jar:src\Libs\Jasper\jta.jar:src\Libs\Jasper\jxl-2.6.10.jar:src\Libs\Jasper\libfb303-0.7.0.jar:src\Libs\Jasper\libthrift-0.9.0-snapshot.jar:src\Libs\Jasper\log4j-1.2.15.jar:src\Libs\Logers\log4j-1.2.9 (2).jar:src\Libs\mediaplayer.jar:src\Libs\Jasper\mondrian-3.2.0-13661-JS.jar:src\Libs\Jasper\mongo-java-driver-2.7.3.jar:src\Libs\multiplayer.jar:src\Libs\mysql-connector-java-commercial-5.1.35-bin.jar:src\Libs\Jasper\olap4j-0.9.7.309-JS.jar:src\Libs\Jasper\png-encoder-1.5.jar:src\Libs\Jasper\poi-3.7-20101029.jar:src\Libs\Jasper\poi-ooxml-3.7-20101029.jar:src\Libs\Jasper\poi-ooxml-schemas-3.7-20101029.jar:src\Libs\Jasper\rex-0.8.1.jar:src\Libs\Jasper\rex-20080421.jar:src\Libs\Jasper\rhino-1.7R3.jar:src\Libs\Jasper\servlet-api-2.4.jar:src\Libs\Jasper\slf4j-api-1.5.8.jar:src\Libs\Jasper\slf4j-log4j12-1.5.8.jar:src\Libs\Jasper\spring.jar:src\Libs\Jasper\sqleonardo-2009.03.rc1.jar:src\Libs\Jasper\swingx-2007_10_07.jar:src\Libs\synthetica.jar:src\Libs\syntheticaSimple2D.jar:src\Libs\Jasper\velocity-1.7-dep.jar:src\Libs\vlcj-3.0.1.jar:src\Libs\Jasper\xbean.jar:src\Libs\Jasper\xml-apis-ext.jar:src\Libs\Jasper\xml-apis.jar:C:\Program Files\NetBeans 7.4\ide\modules\ext\mysql-connector-java-5.1.23-bin.jar:C:\Program Files\NetBeans 7.4\java\modules\ext\AbsoluteLayout.jar:C:\Program Files\NetBeans 7.4\java\modules\ext\beansbinding-1.2.1.jar:build/classes:C:\Users\USER\AppData\Roaming\NetBeans\7.4\modules\ext\junit-4.10.jar:build/test/classes" />
    <property name="line.separator" value="
" />
    <property name="deployments.Scp.default.deployment.scp.port" value="22" />
    <property name="file.reference.commons-math-1.0.jar" value="src\Libs\Jasper\commons-math-1.0.jar" />
    <property name="libs.DataBindingME-PIM.javadoc" value="C:\Users\USER\AppData\Roaming\NetBeans\7.4\modules\docs\netbeans_databindingme_pim-api.zip" />
    <property name="libs.cdc-ant-utils.javadoc" value="" />
    <property name="java.vendor" value="Oracle Corporation" />
    <property name="java.vm.specification.name" value="Java Virtual Machine Specification" />
    <property name="libs.ojec-ant-utils.maven-pom" value="" />
    <property name="netbeans.user" value="C:\Users\USER\AppData\Roaming\NetBeans\7.4" />
    <property name="libs.Java-EE-GlassFish-v3-Prelude.classpath" value="C:\Program Files\glassfish-4.0\mq\lib\jaxm-api.jar;C:\Program Files\glassfish-4.0\glassfish\modules\endorsed\javax.annotation-api.jar;C:\Program Files\glassfish-4.0\glassfish\modules\endorsed\jaxb-api-osgi.jar;C:\Program Files\glassfish-4.0\glassfish\modules\endorsed\webservices-api-osgi.jar;C:\Program Files\glassfish-4.0\glassfish\modules\bean-validator.jar;C:\Program Files\glassfish-4.0\glassfish\modules\javax.batch-api.jar;C:\Program Files\glassfish-4.0\glassfish\modules\javax.ejb-api.jar;C:\Program Files\glassfish-4.0\glassfish\modules\javax.el.jar;C:\Program Files\glassfish-4.0\glassfish\modules\javax.enterprise.concurrent-api.jar;C:\Program Files\glassfish-4.0\glassfish\modules\javax.enterprise.concurrent.jar;C:\Program Files\glassfish-4.0\glassfish\modules\javax.enterprise.deploy-api.jar;C:\Program Files\glassfish-4.0\glassfish\modules\javax.faces.jar;C:\Program Files\glassfish-4.0\glassfish\modules\javax.inject.jar;C:\Program Files\glassfish-4.0\glassfish\modules\javax.interceptor-api.jar;C:\Program Files\glassfish-4.0\glassfish\modules\javax.jms-api.jar;C:\Program Files\glassfish-4.0\glassfish\modules\javax.json.jar;C:\Program Files\glassfish-4.0\glassfish\modules\javax.mail.jar;C:\Program Files\glassfish-4.0\glassfish\modules\javax.management.j2ee-api.jar;C:\Program Files\glassfish-4.0\glassfish\modules\javax.persistence.jar;C:\Program Files\glassfish-4.0\glassfish\modules\javax.resource-api.jar;C:\Program Files\glassfish-4.0\glassfish\modules\javax.security.auth.message-api.jar;C:\Program Files\glassfish-4.0\glassfish\modules\javax.security.jacc-api.jar;C:\Program Files\glassfish-4.0\glassfish\modules\javax.servlet-api.jar;C:\Program Files\glassfish-4.0\glassfish\modules\javax.servlet.jsp-api.jar;C:\Program Files\glassfish-4.0\glassfish\modules\javax.servlet.jsp.jar;C:\Program Files\glassfish-4.0\glassfish\modules\javax.servlet.jsp.jstl-api.jar;C:\Program Files\glassfish-4.0\glassfish\modules\javax.servlet.jsp.jstl.jar;C:\Program Files\glassfish-4.0\glassfish\modules\javax.transaction-api.jar;C:\Program Files\glassfish-4.0\glassfish\modules\javax.websocket-api.jar;C:\Program Files\glassfish-4.0\glassfish\modules\javax.ws.rs-api.jar;C:\Program Files\glassfish-4.0\glassfish\modules\javax.xml.registry-api.jar;C:\Program Files\glassfish-4.0\glassfish\modules\javax.xml.rpc-api.jar;C:\Program Files\glassfish-4.0\glassfish\modules\jaxb-osgi.jar;C:\Program Files\glassfish-4.0\glassfish\modules\webservices-osgi.jar;C:\Program Files\glassfish-4.0\glassfish\modules\weld-osgi-bundle.jar" />
    <property name="libs.javac-api.javadoc" value="" />
    <property name="libs.spring-framework300.javadoc" value="" />
    <property name="libs.jpa20-persistence.javadoc" value="" />
    <property name="deployments.Scp.default.deployment.scp.passphrase" value="" />
    <property name="release.dir" value="3.4" />
    <property name="runtime.internal.com.sun.midp.io.http.proxy.host" value="SYSTEM" />
    <property name="file.reference.asm-attrs.jar" value="src\Libs\Jasper\asm-attrs.jar" />
    <property name="javadoc.splitindex" value="true" />
    <property name="file.reference.velocity-1.7-dep.jar" value="src\Libs\Jasper\velocity-1.7-dep.jar" />
    <property name="org.openide.version" value="deprecated" />
    <property name="libs.beans-binding.javadoc" value="C:\Program Files\NetBeans 7.4\java\docs\beansbinding-1.2.1-doc.zip" />
    <property name="libs.sjmc-ant-utils.src" value="" />
    <property name="libs.jsp-compiler.javadoc" value="" />
    <property name="ant.file" value="C:\Users\USER\Desktop\Final\Final Project\Syndicate\build.xml" />
    <property name="file.reference.js_jasperserver-common-ws-4.7.1.jar" value="src\Libs\Jasper\js_jasperserver-common-ws-4.7.1.jar" />
    <property name="user.variant" value="" />
    <property name="swing.defaultlaf" value="com.sun.java.swing.plaf.windows.WindowsLookAndFeel" />
    <property name="file.reference.rhino-1.7R3.jar" value="src\Libs\Jasper\rhino-1.7R3.jar" />
    <property name="libs.JAVADB_DRIVER_LABEL.javadoc" value="" />
    <property name="libs.junit.maven-pom" value="" />
    <property name="libs.javaee-endorsed-api-6.0.javadoc" value="C:\Program Files\NetBeans 7.4\enterprise\docs\javaee-doc-api.jar" />
    <property name="libs.ojec-ant-utils.src" value="" />
    <property name="dist.jar" value="dist/Syndicate.jar" />
    <property name="org.openide.specification.version" value="6.2" />
    <property name="libs.JAXB-ENDORSED.classpath" value="C:\Program Files\NetBeans 7.4\ide\modules\ext\jaxb\api\jaxb-api.jar" />
    <property name="libs.JAVADB_DRIVER_LABEL.classpath" value="C:\Program Files\Java\jdk1.7.0_51\db\lib\derby.jar;C:\Program Files\Java\jdk1.7.0_51\db\lib\derbyclient.jar;C:\Program Files\Java\jdk1.7.0_51\db\lib\derbynet.jar" />
    <property name="libs.beans-binding.classpath" value="C:\Program Files\NetBeans 7.4\java\modules\ext\beansbinding-1.2.1.jar" />
    <property name="libs.NetBeans MIDP Components WMA.maven-pom" value="" />
    <property name="libs.j2me_ant_ext.javadoc" value="" />
    <property name="device-manager.object-registry.port" value="1299" />
    <property name="file.reference.jasperreports-fonts-5.5.0.jar" value="src\Libs\Jasper\jasperreports-fonts-5.5.0.jar" />
    <property name="work.dir" value="C:\Users\USER\Desktop\Final\Final Project\Syndicate" />
    <property name="deployments.WebDAV.default.deployment.webdav.server" value="" />
    <property name="jsr120.mms.maximum.part.size" value="30720" />
    <property name="libs.metro.javadoc" value="C:\Program Files\NetBeans 7.4\enterprise\docs\metro-1.4-doc.zip" />
    <property name="product.full.name" value="Oracle Java(TM) Platform Micro Edition SDK 3.4" />
    <property name="platforms.Oracle_Java_TM__Platform_Micro_Edition_SDK_3_4.home" value="C:\Java_ME_platform_SDK_3.4" />
    <property name="java.specification.name" value="Java Platform API Specification" />
    <property name="libs.spring-webmvc3.0.src" value="" />
    <property name="libs.nb_svg_midp_components.maven-pom" value="" />
    <property name="testng.debug.mode" value="" />
    <property name="sun.awt.datatransfer.timeout" value="1000" />
    <property name="file.reference.sqleonardo-2009.03.rc1.jar" value="src\Libs\Jasper\sqleonardo-2009.03.rc1.jar" />
    <property name="libs.CopyLibs.classpath" value="C:\Program Files\NetBeans 7.4\java\ant\extra\org-netbeans-modules-java-j2seproject-copylibstask.jar" />
    <property name="javadoc.author" value="false" />
    <property name="annotation.processing.source.output" value="build/generated-sources/ap-source-output" />
    <property name="libs.junit.javadoc" value="C:\Users\USER\AppData\Roaming\NetBeans\7.4\docs\junit-3.8.2-api.zip" />
    <property name="is.mesdk_profiler" value="true" />
    <property name="libs.jaxb.maven-pom" value="" />
    <property name="file.reference.js_commons-discovery-0.2.jar" value="src\Libs\Jasper\js_commons-discovery-0.2.jar" />
    <property name="file.reference.jasperreports-functions-5.5.0.jar" value="src\Libs\Jasper\jasperreports-functions-5.5.0.jar" />
    <property name="libs.groovy-all.javadoc" value="" />
    <property name="file.reference.commons-dbcp-1.2.2.jar" value="src\Libs\Jasper\commons-dbcp-1.2.2.jar" />
    <property name="file.reference.js_mail-1.4.jar" value="src\Libs\Jasper\js_mail-1.4.jar" />
    <property name="java.vendor.url" value="http://java.oracle.com/" />
    <property name="file.reference.hsqldb-1.8.0-10.jar" value="src\Libs\Jasper\hsqldb-1.8.0-10.jar" />
    <property name="libs.eclipselinkmodelgen.src" value="" />
    <property name="libs.jsf20.src" value="" />
    <property name="libs.jpa20-persistence.classpath" value="C:\Program Files\NetBeans 7.4\java\modules\ext\eclipselink\javax.persistence_2.1.0.v201304241213.jar" />
    <property name="file.reference.commons-javaflow-20060411.jar" value="src\Libs\Jasper\commons-javaflow-20060411.jar" />
    <property name="libs.savaje-ant-utils.maven-pom" value="" />
    <property name="libs.ejb3-persistence.src" value="" />
    <property name="jdk.home" value="C:\Program Files\Java\jdk1.7.0_51" />
    <property name="libs.junit.src" value="" />
    <property name="libs.JWSAntTasks.maven-pom" value="" />
    <property name="libs.restapi.src" value="" />
    <property name="libs.swing-layout.maven-pom" value="" />
    <property name="file.reference.iTextAsian.jar" value="src\Libs\Jasper\iTextAsian.jar" />
    <property name="mkdist.disabled" value="false" />
    <property name="run.jvmargs" value="" />
    <property name="os.version" value="6.2" />
    <property name="libs.spring-framework.maven-pom" value="" />
    <property name="libs.EclipseLink-GlassFish-v3.javadoc" value="C:\Program Files\NetBeans 7.4\enterprise\docs\javaee-doc-api.jar" />
    <property name="ant.project.invoked-targets" value="test" />
    <property name="file.reference.batik-anim.jar" value="src\Libs\Jasper\batik-anim.jar" />
    <property name="junit.forkmode" value="perTest" />
    <property name="libs.DataBindingME-PIM.classpath" value="C:\Users\USER\AppData\Roaming\NetBeans\7.4\modules\ext\netbeans_databindingme_pim.jar" />
    <property name="meta.inf.dir" value="src/META-INF" />
    <property name="toolkits.dir" value="javame-sdk" />
    <property name="annotation.processing.enabled" value="true" />
    <property name="run.classpath" value="src\Libs\AnimationClass.jar:src\Libs\Jasper\ant-1.7.1.jar:src\Libs\Jasper\antlr-2.7.6.jar:src\Libs\Jasper\asm-attrs.jar:src\Libs\Jasper\asm.jar:src\Libs\Jasper\barbecue-1.5-beta1.jar:src\Libs\Jasper\barcode4j-2.1.jar:src\Libs\Jasper\batik-anim.jar:src\Libs\Jasper\batik-awt-util.jar:src\Libs\Jasper\batik-bridge.jar:src\Libs\Jasper\batik-css.jar:src\Libs\Jasper\batik-dom.jar:src\Libs\Jasper\batik-ext.jar:src\Libs\Jasper\batik-gvt.jar:src\Libs\Jasper\batik-parser.jar:src\Libs\Jasper\batik-script.jar:src\Libs\Jasper\batik-svg-dom.jar:src\Libs\Jasper\batik-svggen.jar:src\Libs\Jasper\batik-util.jar:src\Libs\Jasper\batik-xml.jar:src\Libs\Jasper\bcel-5.2.jar:src\Libs\Jasper\bsh-2.1b5.jar:src\Libs\Jasper\castor-1.2.jar:src\Libs\Jasper\cglib-2.1.jar:src\Libs\Jasper\cincom-jr-xmla.jar:src\Libs\Jasper\commons-beanutils-1.8.2.jar:src\Libs\Jasper\commons-collections-3.2.1.jar:src\Libs\Jasper\commons-dbcp-1.2.2.jar:src\Libs\Jasper\commons-digester-2.1.jar:src\Libs\Jasper\commons-javaflow-20060411.jar:src\Libs\Jasper\commons-logging-1.1.jar:src\Libs\Jasper\commons-math-1.0.jar:src\Libs\Jasper\commons-pool-1.3.jar:src\Libs\Jasper\commons-pool-1.6.jar:src\Libs\Jasper\commons-vfs-1.0.jar:src\Libs\customizer.jar:src\Libs\Jasper\dom4j-1.6.jar:src\Libs\Jasper\ehcache-1.1.jar:src\Libs\Jasper\eigenbase-properties-1.1.0.10924.jar:src\Libs\Jasper\eigenbase-resgen-1.3.0.11873.jar:src\Libs\Jasper\eigenbase-xom-1.3.0.11999.jar:src\Libs\Jasper\ejb3-persistence.jar:src\Libs\Jasper\groovy-all-2.0.1.jar:src\Libs\Jasper\hadoop-core-1.0.1.jar:src\Libs\Jasper\hibernate-annotations.jar:src\Libs\Jasper\hibernate-commons-annotations.jar:src\Libs\Jasper\hibernate3.jar:src\Libs\Jasper\hive-common-0.8.1.jar:src\Libs\Jasper\hive-exec-0.8.1.jar:src\Libs\Jasper\hive-jdbc-0.8.1.jar:src\Libs\Jasper\hive-metastore-0.8.1.jar:src\Libs\Jasper\hive-service-0.8.1.jar:src\Libs\Jasper\hsqldb-1.8.0-10.jar:src\Libs\Jasper\iText-2.1.7.js2.jar:src\Libs\Jasper\iTextAsian.jar:src\Libs\Jasper\jackson-annotations-2.0.5.jar:src\Libs\Jasper\jackson-core-2.0.5.jar:src\Libs\Jasper\jackson-databind-2.0.5.jar:src\Libs\Jasper\jasperreports-5.5.0.jar:src\Libs\Jasper\jasperreports-chart-themes-5.2.0.jar:src\Libs\Jasper\jasperreports-core-renderer.jar:src\Libs\Jasper\jasperreports-extensions-3.5.3.jar:src\Libs\Jasper\jasperreports-fonts-5.5.0.jar:src\Libs\Jasper\jasperreports-functions-5.5.0.jar:src\Libs\Jasper\jasperreports-htmlcomponent-4.7.1.jar:src\Libs\Jasper\jasperreports-htmlcomponent-5.0.1.jar:src\Libs\Jasper\jasperreports-json.jar:src\Libs\Jasper\jasperreports-jtidy-r938.jar:src\Libs\Jasper\javacup.jar:src\Libs\Jasper\javassist-3.4.GA.jar:src\Libs\javax.mail.jar:src\Libs\Jasper\jaxen-1.1.1.jar:src\Libs\jcalendar-1.4.jar:src\Libs\Jasper\jcommon-1.0.15.jar:src\Libs\Jasper\jdt-compiler-3.1.1.jar:src\Libs\Jasper\jfreechart-1.0.12.jar:src\Libs\jmf.jar:src\Libs\jna-4.2.1.jar:src\Libs\Jasper\joda-time-2.1.jar:src\Libs\Jasper\jpa.jar:src\Libs\Jasper\js-hive-datasource-1.0.4.jar:src\Libs\Jasper\js-mongodb-datasource-1.0.0a.jar:src\Libs\Jasper\js_activation-1.1.jar:src\Libs\Jasper\js_axis-1.4patched.jar:src\Libs\Jasper\js_commons-codec-1.3.jar:src\Libs\Jasper\js_commons-discovery-0.2.jar:src\Libs\Jasper\js_commons-httpclient-3.1.jar:src\Libs\Jasper\js_jasperserver-common-ws-4.7.1.jar:src\Libs\Jasper\js_jaxrpc.jar:src\Libs\Jasper\js_mail-1.4.jar:src\Libs\Jasper\js_saaj-api-1.3.jar:src\Libs\Jasper\js_wsdl4j-1.5.1.jar:src\Libs\Jasper\jta.jar:src\Libs\Jasper\jxl-2.6.10.jar:src\Libs\Jasper\libfb303-0.7.0.jar:src\Libs\Jasper\libthrift-0.9.0-snapshot.jar:src\Libs\Jasper\log4j-1.2.15.jar:src\Libs\Logers\log4j-1.2.9 (2).jar:src\Libs\mediaplayer.jar:src\Libs\Jasper\mondrian-3.2.0-13661-JS.jar:src\Libs\Jasper\mongo-java-driver-2.7.3.jar:src\Libs\multiplayer.jar:src\Libs\mysql-connector-java-commercial-5.1.35-bin.jar:src\Libs\Jasper\olap4j-0.9.7.309-JS.jar:src\Libs\Jasper\png-encoder-1.5.jar:src\Libs\Jasper\poi-3.7-20101029.jar:src\Libs\Jasper\poi-ooxml-3.7-20101029.jar:src\Libs\Jasper\poi-ooxml-schemas-3.7-20101029.jar:src\Libs\Jasper\rex-0.8.1.jar:src\Libs\Jasper\rex-20080421.jar:src\Libs\Jasper\rhino-1.7R3.jar:src\Libs\Jasper\servlet-api-2.4.jar:src\Libs\Jasper\slf4j-api-1.5.8.jar:src\Libs\Jasper\slf4j-log4j12-1.5.8.jar:src\Libs\Jasper\spring.jar:src\Libs\Jasper\sqleonardo-2009.03.rc1.jar:src\Libs\Jasper\swingx-2007_10_07.jar:src\Libs\synthetica.jar:src\Libs\syntheticaSimple2D.jar:src\Libs\Jasper\velocity-1.7-dep.jar:src\Libs\vlcj-3.0.1.jar:src\Libs\Jasper\xbean.jar:src\Libs\Jasper\xml-apis-ext.jar:src\Libs\Jasper\xml-apis.jar:C:\Program Files\NetBeans 7.4\ide\modules\ext\mysql-connector-java-5.1.23-bin.jar:C:\Program Files\NetBeans 7.4\java\modules\ext\AbsoluteLayout.jar:C:\Program Files\NetBeans 7.4\java\modules\ext\beansbinding-1.2.1.jar:build/classes" />
    <property name="built-jar.properties" value="C:\Users\USER\Desktop\Final\Final Project\Syndicate\build\built-jar.properties" />
    <property name="libs.JMUnit4CLDC11.classpath" value="C:\Program Files\NetBeans 7.4\mobility\modules\ext\jmunit4cldc11-1.2.1.jar" />
    <property name="ant.project.name" value="Syndicate" />
    <property name="libs.NetBeans MIDP Components WMA.src" value="C:\Users\USER\AppData\Roaming\NetBeans\7.4\sources\netbeans_midp_components_wma-src.zip" />
    <property name="netbeans.automatic.build" value="true" />
    <property name="libs.DataBindingME-SVG.classpath" value="C:\Users\USER\AppData\Roaming\NetBeans\7.4\modules\ext\netbeans_databindingme_svg.jar" />
    <property name="libs.PostgreSQLDriver.javadoc" value="" />
    <property name="file.reference.hibernate3.jar" value="src\Libs\Jasper\hibernate3.jar" />
    <property name="file.reference.jfreechart-1.0.12.jar" value="src\Libs\Jasper\jfreechart-1.0.12.jar" />
    <property name="deployment.NokiaDeployment.scriptfile" value="C:\Program Files\NetBeans 7.4\mobility\modules\scr\deploy-nokia-impl.xml" />
    <property name="libs.jsp-compilation-syscp.classpath" value="C:\Program Files\NetBeans 7.4\extide\ant\lib\ant.jar;C:\Program Files\NetBeans 7.4\enterprise\modules\ext\servlet3.1-jsp2.3-api.jar;C:\Program Files\NetBeans 7.4\enterprise\modules\ext\glassfish-jspparser-4.0.jar;C:\Program Files\NetBeans 7.4\enterprise\modules\ext\jstl-impl.jar;C:\Program Files\NetBeans 7.4\enterprise\modules\ext\jsf-2_2\javax.faces.jar" />
    <property name="libs.jsp-compiler.src" value="" />
    <property name="libs.javaee-endorsed-api-6.0.maven-pom" value="" />
    <property name="jsr120.mms.recommended.size" value="307200" />
    <property name="libs.Comet-GlassFish-v3.classpath" value="" />
    <property name="file.reference.cglib-2.1.jar" value="src\Libs\Jasper\cglib-2.1.jar" />
    <property name="file.reference.batik-dom.jar" value="src\Libs\Jasper\batik-dom.jar" />
    <property name="netbeans.default_userdir_root" value="C:\Users\USER\AppData\Roaming\NetBeans" />
    <property name="file.reference.jmf.jar" value="src\Libs\jmf.jar" />
    <property name="javadoc.encoding.used" value="UTF-8" />
    <property name="javadoc.notree" value="false" />
    <property name="sun.boot.class.path" value="C:\Program Files\Java\jdk1.7.0_51\jre\lib\resources.jar;C:\Program Files\Java\jdk1.7.0_51\jre\lib\rt.jar;C:\Program Files\Java\jdk1.7.0_51\jre\lib\sunrsasign.jar;C:\Program Files\Java\jdk1.7.0_51\jre\lib\jsse.jar;C:\Program Files\Java\jdk1.7.0_51\jre\lib\jce.jar;C:\Program Files\Java\jdk1.7.0_51\jre\lib\charsets.jar;C:\Program Files\Java\jdk1.7.0_51\jre\lib\jfr.jar;C:\Program Files\Java\jdk1.7.0_51\jre\classes" />
    <property name="nb.wait.for.caches" value="true" />
    <property name="libs.javaee-web-api-7.0.javadoc" value="C:\Program Files\NetBeans 7.4\enterprise\docs\javaee-doc-api.jar" />
    <property name="file.reference.syntheticaSimple2D.jar" value="src\Libs\syntheticaSimple2D.jar" />
    <property name="build.sysclasspath" value="ignore" />
    <property name="libs.JWSAntTasks.src" value="" />
    <property name="file.reference.js_commons-httpclient-3.1.jar" value="src\Libs\Jasper\js_commons-httpclient-3.1.jar" />
    <property name="libs.NetBeans MIDP Components WMA.classpath" value="C:\Users\USER\AppData\Roaming\NetBeans\7.4\modules\ext\netbeans_midp_components_wma.jar" />
    <property name="libs.NetBeans MIDP Components.javadoc" value="C:\Users\USER\AppData\Roaming\NetBeans\7.4\modules\docs\netbeans_midp_components_basic-api.zip" />
    <property name="netbeans.autoupdate.variant" value="" />
    <property name="sun.jnu.encoding" value="Cp1252" />
    <property name="file.reference.batik-script.jar" value="src\Libs\Jasper\batik-script.jar" />
    <property name="nb.junit.batch" value="true" />
    <property name="libs.javaee-endorsed-api-7.0.maven-pom" value="" />
    <property name="libs.struts.javadoc" value="C:\Program Files\NetBeans 7.4\enterprise\docs\struts-1.3.10-javadoc.zip" />
    <property name="file.reference.slf4j-api-1.5.8.jar" value="src\Libs\Jasper\slf4j-api-1.5.8.jar" />
    <property name="sun.awt.keepWorkingSetOnMinimize" value="true" />
    <property name="libs.j2me_ant_ext.src" value="" />
    <property name="libs.jpa20-persistence.src" value="" />
    <property name="libs.EclipseLink-GlassFish-v3.src" value="" />
    <property name="javadoc.additionalparam" value="" />
    <property name="file.reference.ehcache-1.1.jar" value="src\Libs\Jasper\ehcache-1.1.jar" />
    <property name="libs.nokiaS80-ant-utils.classpath" value="C:\Program Files\NetBeans 7.4\mobility\modules\ext\org-netbeans-modules-j2me-cdc-project-nokiaS80.jar" />
    <property name="libs.ojec-ant-utils.javadoc" value="" />
    <property name="source.encoding" value="UTF-8" />
    <property name="libs.cdc-pp-awt-layout.maven-pom" value="" />
    <property name="libs.jsf12.classpath" value="C:\Program Files\NetBeans 7.4\enterprise\modules\ext\jsf-1_2\commons-beanutils.jar;C:\Program Files\NetBeans 7.4\enterprise\modules\ext\jsf-1_2\commons-collections.jar;C:\Program Files\NetBeans 7.4\enterprise\modules\ext\jsf-1_2\commons-digester.jar;C:\Program Files\NetBeans 7.4\enterprise\modules\ext\jsf-1_2\commons-logging.jar;C:\Program Files\NetBeans 7.4\enterprise\modules\ext\jsf-1_2\jsf-api.jar;C:\Program Files\NetBeans 7.4\enterprise\modules\ext\jsf-1_2\jsf-impl.jar" />
    <property name="file.reference.jasperreports-jtidy-r938.jar" value="src\Libs\Jasper\jasperreports-jtidy-r938.jar" />
    <property name="sun.java.command" value="org.apache.tools.ant.taskdefs.optional.junit.JUnitTestRunner Classes.SenderClassTest filtertrace=true haltOnError=false haltOnFailure=false showoutput=true outputtoformatters=true logfailedtests=true logtestlistenerevents=true formatter=org.apache.tools.ant.taskdefs.optional.junit.BriefJUnitResultFormatter formatter=org.apache.tools.ant.taskdefs.optional.junit.XMLJUnitResultFormatter,C:\Users\USER\Desktop\Final\Final Project\Syndicate\build\test\results\TEST-Classes.SenderClassTest.xml crashfile=C:\Users\USER\Desktop\Final\Final Project\Syndicate\build\junitvmwatcher9052320552288970837.properties propsfile=C:\Users\USER\Desktop\Final\Final Project\Syndicate\build\junit3753180661789696839.properties" />
    <property name="libs.jsp-compilation-syscp.src" value="" />
    <property name="file.reference.bsh-2.1b5.jar" value="src\Libs\Jasper\bsh-2.1b5.jar" />
    <property name="nb.junit.single" value="false" />
    <property name="libs.metro.maven-pom" value="" />
    <property name="do.archive+manifest.available" value="true" />
    <property name="deployment.WebDAV.scriptfile" value="C:\Program Files\NetBeans 7.4\mobility\modules\scr\deploy-webdav-impl.xml" />
    <property name="cldc-hi-web.apis" value="cldc_1.0.jar,cldc_1.1.jar,midp_2.0.jar,midp_2.1.jar,jsr75_1.0.jar,jsr120_1.1.jar,jsr135_1.2.jar,jsr179_1.0.jar,jsr211_1.0.jar,jsr256_1.2.jar,jsr280_1.0.jar" />
    <property name="libs.restlib.maven-pom" value="" />
    <property name="file.reference.xml-apis.jar" value="src\Libs\Jasper\xml-apis.jar" />
    <property name="file.reference.xml-apis-ext.jar" value="src\Libs\Jasper\xml-apis-ext.jar" />
    <property name="test.binaryexcludes" value="" />
    <property name="emulator.startup.timeout" value="100000" />
    <property name="application.args" value="" />
    <property name="libs.javaee-api-6.0.src" value="" />
    <property name="main.class" value="Classes.Theme" />
    <property name="platform.active" value="default_platform" />
    <property name="platforms.Oracle_Java_TM__Platform_Micro_Edition_SDK_3_4.debugcommandline" value="" />
    <property name="libs.jaxws21.classpath" value="C:\Program Files\NetBeans 7.4\ide\modules\ext\jaxb\jaxb-impl.jar;C:\Program Files\NetBeans 7.4\ide\modules\ext\jaxb\jaxb-xjc.jar;C:\Program Files\NetBeans 7.4\java\modules\ext\jaxws22\FastInfoset.jar;C:\Program Files\NetBeans 7.4\java\modules\ext\jaxws22\gmbal-api-only.jar;C:\Program Files\NetBeans 7.4\java\modules\ext\jaxws22\ha-api.jar;C:\Program Files\NetBeans 7.4\java\modules\ext\jaxws22\javax.mail_1.4.jar;C:\Program Files\NetBeans 7.4\java\modules\ext\jaxws22\jaxws-rt.jar;C:\Program Files\NetBeans 7.4\java\modules\ext\jaxws22\jaxws-tools.jar;C:\Program Files\NetBeans 7.4\java\modules\ext\jaxws22\management-api.jar;C:\Program Files\NetBeans 7.4\java\modules\ext\jaxws22\mimepull.jar;C:\Program Files\NetBeans 7.4\java\modules\ext\jaxws22\policy.jar;C:\Program Files\NetBeans 7.4\java\modules\ext\jaxws22\saaj-impl.jar;C:\Program Files\NetBeans 7.4\java\modules\ext\jaxws22\stax-ex.jar;C:\Program Files\NetBeans 7.4\java\modules\ext\jaxws22\stax2-api.jar;C:\Program Files\NetBeans 7.4\java\modules\ext\jaxws22\streambuffer.jar;C:\Program Files\NetBeans 7.4\java\modules\ext\jaxws22\woodstox-core-asl.jar;C:\Program Files\NetBeans 7.4\java\modules\ext\jaxws22\api\jaxws-api.jar;C:\Program Files\NetBeans 7.4\java\modules\ext\jaxws22\api\jsr181-api.jar;C:\Program Files\NetBeans 7.4\java\modules\ext\jaxws22\api\javax.annotation.jar;C:\Program Files\NetBeans 7.4\java\modules\ext\jaxws22\api\saaj-api.jar;C:\Program Files\NetBeans 7.4\ide\modules\ext\jaxb\activation.jar;C:\Program Files\NetBeans 7.4\ide\modules\ext\jaxb\api\jaxb-api.jar;C:\Program Files\NetBeans 7.4\ide\modules\ext\jaxb\api\jsr173_1.0_api.jar" />
    <property name="libs.JWSAntTasks.classpath" value="C:\Program Files\NetBeans 7.4\java\ant\extra\org-netbeans-modules-javawebstart-anttasks.jar" />
    <property name="file.reference.jasperreports-core-renderer.jar" value="src\Libs\Jasper\jasperreports-core-renderer.jar" />
    <property name="file.encoding.pkg" value="sun.io" />
    <property name="libs.javac-api.src" value="" />
    <property name="libs.semc-ant-utils.classpath" value="C:\Program Files\NetBeans 7.4\mobility\modules\ext\org-netbeans-modules-j2me-cdc-project-semc.jar" />
    <property name="libs.restapi.classpath" value="C:\Program Files\NetBeans 7.4\enterprise\modules\ext\jaxrs-2.0\javax.ws.rs-api-2.0.jar" />
    <property name="jar.index.metainf" value="false" />
    <property name="java.awt.printerjob" value="sun.awt.windows.WPrinterJob" />
    <property name="netbeans.hash.code" value="unique=NB_CND_EXTIDE_GFMOD_GROOVY_JAVA_JC_MOB_PHP_TOMCAT_WEBCOMMON_WEBEE0c870d4d5-6d4e-4fef-889b-5c70cb8a69e7_65114b9e-4f3f-4891-9576-22597f23d98b" />
    <property name="debug-transport" value="dt_shmem" />
    <property name="manifest.file" value="manifest.mf" />
    <property name="file.reference.asm.jar" value="src\Libs\Jasper\asm.jar" />
    <property name="jdkBug6558476" value="false" />
    <property name="netbeans.importclass" value="org.netbeans.upgrade.AutoUpgrade" />
    <property name="libs.jsp-compilation.maven-pom" value="" />
    <property name="deployments.WebDAV.default.deployment.webdav.port" value="80" />
    <property name="libs.javaee-endorsed-api-7.0.javadoc" value="C:\Program Files\NetBeans 7.4\enterprise\docs\javaee-doc-api.jar" />
    <property name="ignore.failing.tests" value="true" />
    <property name="libs.sjmc-ant-utils.classpath" value="C:\Program Files\NetBeans 7.4\mobility\modules\ext\org-netbeans-modules-j2me-cdc-project-sjmc.jar" />
    <property name="have.sources" value="true" />
    <property name="os.arch" value="amd64" />
    <property name="libs.hibernate-persistencemodelgen.maven-pom" value="" />
    <property name="libs.JMUnit4CLDC10.javadoc" value="C:\Program Files\NetBeans 7.4\mobility\modules\docs\jmunit-1.2.1-api.zip" />
    <property name="libs.JMUnit4CLDC10.src" value="" />
    <property name="libs.struts.src" value="" />
    <property name="libs.CopyLibs.src" value="" />
    <property name="deployments.Ftp.default.deployment.ftp.port" value="21" />
    <property name="java.vm.name" value="Java HotSpot(TM) 64-Bit Server VM" />
    <property name="file.reference.iText-2.1.7.js2.jar" value="src\Libs\Jasper\iText-2.1.7.js2.jar" />
    <property name="libs.ojec-ant-utils.classpath" value="C:\Program Files\NetBeans 7.4\mobility\modules\ext\org-netbeans-modules-j2me-cdc-project-ojec.jar" />
    <property name="compile.on.save" value="true" />
    <property name="libs.EclipseLink-GlassFish-v3.maven-pom" value="" />
    <property name="default.javac.source" value="1.7" />
    <property name="java.library.path" value="C:\Program Files\Java\jdk1.7.0_51\jre\bin;C:\WINDOWS\Sun\Java\bin;C:\WINDOWS\system32;C:\WINDOWS;C:\Program Files (x86)\NVIDIA Corporation\PhysX\Common;C:\Program Files (x86)\Intel\iCLS Client\;C:\Program Files\Intel\iCLS Client\;C:\WINDOWS\system32;C:\WINDOWS;C:\WINDOWS\System32\Wbem;C:\WINDOWS\System32\WindowsPowerShell\v1.0\;C:\Program Files\Intel\Intel(R) Management Engine Components\DAL;C:\Program Files (x86)\Intel\Intel(R) Management Engine Components\DAL;C:\Program Files\Intel\Intel(R) Management Engine Components\IPT;C:\Program Files (x86)\Intel\Intel(R) Management Engine Components\IPT;C:\Program Files\Intel\WiFi\bin\;C:\Program Files\Common Files\Intel\WirelessCommon\;C:\Program Files\Java\jdk1.7.0_51\bin;C:\Program Files (x86)\Brackets\command;." />
    <property name="java.vm.specification.vendor" value="Oracle Corporation" />
    <property name="file.reference.olap4j-0.9.7.309-JS.jar" value="src\Libs\Jasper\olap4j-0.9.7.309-JS.jar" />
    <property name="javac.profile.cmd.line.arg" value="" />
    <property name="libs.junit_4.maven-pom" value="" />
    <property name="basedir" value="C:\Users\USER\Desktop\Final\Final Project\Syndicate" />
    <property name="libs.primefaces.maven-pom" value="" />
    <property name="file.reference.barbecue-1.5-beta1.jar" value="src\Libs\Jasper\barbecue-1.5-beta1.jar" />
    <property name="libs.javaee-api-6.0.maven-pom" value="" />
    <property name="libs.jstl.maven-pom" value="" />
    <property name="java.vm.info" value="mixed mode" />
    <property name="is.mesdk_jsr211" value="true" />
    <property name="java.vendor.url.bug" value="http://bugreport.sun.com/bugreport/" />
    <property name="device-manager.object-registry.host" value="127.0.0.1" />
    <property name="file.reference.batik-ext.jar" value="src\Libs\Jasper\batik-ext.jar" />
    <property name="libs.junit.classpath" value="C:\Users\USER\AppData\Roaming\NetBeans\7.4\modules\ext\junit-3.8.2.jar" />
    <property name="supports.rotation" value="false" />
    <property name="includes" value="**" />
    <property name="file.reference.jasperreports-chart-themes-5.2.0.jar" value="src\Libs\Jasper\jasperreports-chart-themes-5.2.0.jar" />
    <property name="main.class.available" value="true" />
    <property name="libs.sjmc-ant-utils.javadoc" value="" />
    <property name="http.server.port" value="54465" />
    <property name="file.reference.batik-util.jar" value="src\Libs\Jasper\batik-util.jar" />
    <property name="java.ext.dirs" value="C:\Program Files\Java\jdk1.7.0_51\jre\lib\ext;C:\WINDOWS\Sun\Java\lib\ext" />
    <property name="libs.javaee-api-7.0.maven-pom" value="" />
    <property name="libs.cdc-pp-awt-layout.javadoc" value="" />
    <property name="path.separator" value=";" />
    <property name="libs.Comet-GlassFish-v3.src" value="" />
    <property name="is.jmesdk" value="true" />
    <property name="have.tests" value="true" />
    <property name="file.reference.hibernate-commons-annotations.jar" value="src\Libs\Jasper\hibernate-commons-annotations.jar" />
    <property name="dist.javadoc.dir" value="dist/javadoc" />
    <property name="file.reference.spring.jar" value="src\Libs\Jasper\spring.jar" />
    <property name="libs.testng.maven-pom" value="" />
    <property name="libs.nb_svg_midp_components.classpath" value="C:\Users\USER\AppData\Roaming\NetBeans\7.4\modules\ext\nb_svg_midp_components.jar" />
    <property name="file.reference.libthrift-0.9.0-snapshot.jar" value="src\Libs\Jasper\libthrift-0.9.0-snapshot.jar" />
    <property name="file.separator" value="\" />
    <property name="jtwi.bootclasspath" value="cldc_1.1.jar,midp_2.0.jar,jsr120_1.1.jar,jsr135_1.2.jar" />
    <property name="libs.nb_svg_midp_components.javadoc" value="C:\Users\USER\AppData\Roaming\NetBeans\7.4\modules\docs\nb_svg_midp_components-api.zip" />
    <property name="libs.jaxb.classpath" value="C:\Program Files\NetBeans 7.4\ide\modules\ext\jaxb\jaxb-impl.jar;C:\Program Files\NetBeans 7.4\ide\modules\ext\jaxb\jaxb-xjc.jar;C:\Program Files\NetBeans 7.4\ide\modules\ext\jaxb\jaxb1-impl.jar;C:\Program Files\NetBeans 7.4\ide\modules\ext\jaxb\activation.jar;C:\Program Files\NetBeans 7.4\ide\modules\ext\jaxb\api\jaxb-api.jar;C:\Program Files\NetBeans 7.4\ide\modules\ext\jaxb\api\jsr173_1.0_api.jar" />
    <property name="awt.toolkit" value="sun.awt.windows.WToolkit" />
    <property name="file.reference.hibernate-annotations.jar" value="src\Libs\Jasper\hibernate-annotations.jar" />
    <property name="file.reference.commons-logging-1.1.jar" value="src\Libs\Jasper\commons-logging-1.1.jar" />
    <property name="file.reference.servlet-api-2.4.jar" value="src\Libs\Jasper\servlet-api-2.4.jar" />
    <property name="libs.nokiadeployment.src" value="" />
    <property name="apple.laf.useScreenMenuBar" value="true" />
    <property name="file.reference.jdt-compiler-3.1.1.jar" value="src\Libs\Jasper\jdt-compiler-3.1.1.jar" />
    <property name="annotation.processing.run.all.processors" value="true" />
    <property name="libs.eclipselink.maven-pom" value="" />
    <property name="deployments.Scp.default.deployment.scp.usekeyfile" value="no" />
    <property name="libs.restlib.src" value="" />
    <property name="file.reference.js_wsdl4j-1.5.1.jar" value="src\Libs\Jasper\js_wsdl4j-1.5.1.jar" />
    <property name="deployments.WebDAV.default.deployment.webdav.password" value="" />
    <property name="libs.jakarta_slide_ant_webdav.src" value="" />
    <property name="libs.savaje-ant-utils.classpath" value="C:\Program Files\NetBeans 7.4\mobility\modules\ext\org-netbeans-modules-j2me-cdc-project-savaje.jar" />
    <property name="file.reference.js_jaxrpc.jar" value="src\Libs\Jasper\js_jaxrpc.jar" />
    <property name="file.reference.js_axis-1.4patched.jar" value="src\Libs\Jasper\js_axis-1.4patched.jar" />
    <property name="platforms.CDC_Oracle_Java_TM__Platform_Micro_Edition_SDK_3.4.type" value="cdc-hi" />
    <property name="file.reference.jackson-databind-2.0.5.jar" value="src\Libs\Jasper\jackson-databind-2.0.5.jar" />
    <property name="file.reference.synthetica.jar" value="src\Libs\synthetica.jar" />
    <property name="libs.swing-layout.classpath" value="C:\Program Files\NetBeans 7.4\platform\modules\ext\swing-layout-1.0.4.jar" />
    <property name="product.copyright" value="&lt;br&gt;Copyright &amp;copy; 2000, 2013, Oracle and/or its affiliates. All rights reserved.&lt;br&gt;&lt;br&gt;This software and related documentation are provided under a license agreement containing restrictions on use and disclosure and are protected by intellectual property laws. Except as expressly permitted in your license agreement or allowed by law, you may not use, copy, reproduce, translate, broadcast, modify, license, transmit, distribute, exhibit, perform, publish, or display any part, in any form, or by any means. Reverse engineering, disassembly, or decompilation of this software, unless required by law for interoperability, is prohibited.&lt;br&gt;&lt;br&gt;The information contained herein is subject to change without notice and is not warranted to be error-free. If you find any errors, please report them to us in writing.&lt;br&gt;&lt;br&gt;If this is software or related software documentation that is delivered to the U.S. Government or anyone licensing it on behalf of the U.S. Government, the following notice is applicable:&lt;br&gt;&lt;br&gt;U.S. GOVERNMENT END USERS: Oracle programs, including any operating system, integrated software, any programs installed on the hardware, and/or documentation, delivered to U.S. Government end users are &quot;commercial computer software&quot; pursuant to the applicable Federal Acquisition Regulation and agency-specific supplemental regulations. As such, use, duplication, disclosure, modification, and adaptation of the programs, including any operating system, integrated software, any programs installed on the hardware, and/or documentation, shall be subject to license terms and license restrictions applicable to the programs. No other rights are granted to the U.S. Government.&lt;br&gt;&lt;br&gt;This software or hardware is developed for general use in a variety of information management applications. It is not developed or intended for use in any inherently dangerous applications, including applications which may create a risk of personal injury. If you use this software or hardware in dangerous applications, then you shall be responsible to take all appropriate fail-safe, backup, redundancy, and other measures to ensure its safe use. Oracle Corporation and its affiliates disclaim any liability for any damages caused by use of this software or hardware in dangerous applications.&lt;br&gt;&lt;br&gt;Oracle and Java are registered trademarks of Oracle and/or its affiliates. Other names may be trademarks of their respective owners.&lt;br&gt;&lt;br&gt;Intel and Intel Xeon are trademarks or registered trademarks of Intel Corporation. All SPARC trademarks are used under license and are trademarks or registered trademarks of SPARC International, Inc. AMD, Opteron, the AMD logo, and the AMD Opteron logo are trademarks or registered trademarks of Advanced Micro Devices. UNIX is a registered trademark of The Open Group.&lt;br&gt;&lt;br&gt;This software or hardware and documentation may provide access to or information on content, products, and services from third parties. Oracle Corporation and its affiliates are not responsible for and expressly disclaim all warranties of any kind with respect to third-party content, products, and services. Oracle Corporation and its affiliates will not be responsible for any loss, costs, or damages incurred due to your access to or use of third-party content, products, or services." />
    <property name="libs.spring-framework.classpath" value="C:\Program Files\NetBeans 7.4\ide\modules\org-apache-commons-logging.jar;C:\Program Files\NetBeans 7.4\java\modules\ext\cglib-2.2.jar;C:\Program Files\NetBeans 7.4\java\modules\ext\spring\spring-2.5.6.SEC03.jar" />
    <property name="libs.spring-webmvc.src" value="" />
    <property name="platform.java" value="C:\Program Files\Java\jdk1.7.0_51\jre/bin/java" />
    <property name="sun.java.launcher" value="SUN_STANDARD" />
  </properties>
  <testcase classname="Classes.SenderClassTest" name="testEmailSender" time="0.254">
    <failure message="The test case is a prototype." type="junit.framework.AssertionFailedError">junit.framework.AssertionFailedError: The test case is a prototype.
	at Classes.SenderClassTest.testEmailSender(SenderClassTest.java:55)
</failure>
  </testcase>
  <system-out><![CDATA[emailSender
]]></system-out>
  <system-err><![CDATA[javax.mail.internet.AddressException: Illegal address in string ``''
	at javax.mail.internet.InternetAddress.<init>(InternetAddress.java:114)
	at Classes.SenderClass.emailSender(SenderClass.java:37)
	at Classes.SenderClassTest.testEmailSender(SenderClassTest.java:52)
	at sun.reflect.NativeMethodAccessorImpl.invoke0(Native Method)
	at sun.reflect.NativeMethodAccessorImpl.invoke(NativeMethodAccessorImpl.java:57)
	at sun.reflect.DelegatingMethodAccessorImpl.invoke(DelegatingMethodAccessorImpl.java:43)
	at java.lang.reflect.Method.invoke(Method.java:606)
	at org.junit.runners.model.FrameworkMethod$1.runReflectiveCall(FrameworkMethod.java:45)
	at org.junit.internal.runners.model.ReflectiveCallable.run(ReflectiveCallable.java:15)
	at org.junit.runners.model.FrameworkMethod.invokeExplosively(FrameworkMethod.java:42)
	at org.junit.internal.runners.statements.InvokeMethod.evaluate(InvokeMethod.java:20)
	at org.junit.internal.runners.statements.RunBefores.evaluate(RunBefores.java:28)
	at org.junit.internal.runners.statements.RunAfters.evaluate(RunAfters.java:30)
	at org.junit.runners.ParentRunner.runLeaf(ParentRunner.java:263)
	at org.junit.runners.BlockJUnit4ClassRunner.runChild(BlockJUnit4ClassRunner.java:68)
	at org.junit.runners.BlockJUnit4ClassRunner.runChild(BlockJUnit4ClassRunner.java:47)
	at org.junit.runners.ParentRunner$3.run(ParentRunner.java:231)
	at org.junit.runners.ParentRunner$1.schedule(ParentRunner.java:60)
	at org.junit.runners.ParentRunner.runChildren(ParentRunner.java:229)
	at org.junit.runners.ParentRunner.access$000(ParentRunner.java:50)
	at org.junit.runners.ParentRunner$2.evaluate(ParentRunner.java:222)
	at org.junit.internal.runners.statements.RunBefores.evaluate(RunBefores.java:28)
	at org.junit.internal.runners.statements.RunAfters.evaluate(RunAfters.java:30)
	at org.junit.runners.ParentRunner.run(ParentRunner.java:300)
	at junit.framework.JUnit4TestAdapter.run(JUnit4TestAdapter.java:39)
	at org.apache.tools.ant.taskdefs.optional.junit.JUnitTestRunner.run(JUnitTestRunner.java:523)
	at org.apache.tools.ant.taskdefs.optional.junit.JUnitTestRunner.launch(JUnitTestRunner.java:1063)
	at org.apache.tools.ant.taskdefs.optional.junit.JUnitTestRunner.main(JUnitTestRunner.java:914)
]]></system-err>
</testsuite>
